F:\Dropbox\Shu\Program\ThesisProgram\\bin\Release\HAE_Inference.exe
F:\Dropbox\Shu\Program\ThesisProgram\\bin\Release\HAE_Inference.pdb
F:\DROPBOX\SHU\PROGRAM\THESISPROGRAM\BIN\RELEASE\HAE_INFERENCE.EXE
F:\DROPBOX\SHU\PROGRAM\THESISPROGRAM\BIN\RELEASE\HAE_INFERENCE.PDB
F:\Dropbox\Shu\Program\ThesisProgram\HAE_Inference\Release\cl.command.1.tlog
F:\Dropbox\Shu\Program\ThesisProgram\HAE_Inference\Release\CL.read.1.tlog
F:\Dropbox\Shu\Program\ThesisProgram\HAE_Inference\Release\CL.write.1.tlog
F:\DROPBOX\SHU\PROGRAM\THESISPROGRAM\HAE_INFERENCE\RELEASE\CLIENT.OBJ
F:\DROPBOX\SHU\PROGRAM\THESISPROGRAM\HAE_INFERENCE\RELEASE\HAE_INFERENCE.EXE.INTERMEDIATE.MANIFEST
F:\Dropbox\Shu\Program\ThesisProgram\HAE_Inference\Release\HAE_Inference.write.1.tlog
F:\DROPBOX\SHU\PROGRAM\THESISPROGRAM\HAE_INFERENCE\RELEASE\INTCOMM.OBJ
F:\Dropbox\Shu\Program\ThesisProgram\HAE_Inference\Release\link.command.1.tlog
F:\Dropbox\Shu\Program\ThesisProgram\HAE_Inference\Release\link.read.1.tlog
F:\Dropbox\Shu\Program\ThesisProgram\HAE_Inference\Release\link.write.1.tlog
F:\DROPBOX\SHU\PROGRAM\THESISPROGRAM\HAE_INFERENCE\RELEASE\MAIN.OBJ
F:\Dropbox\Shu\Program\ThesisProgram\HAE_Inference\Release\mt.command.1.tlog
F:\Dropbox\Shu\Program\ThesisProgram\HAE_Inference\Release\mt.read.1.tlog
F:\Dropbox\Shu\Program\ThesisProgram\HAE_Inference\Release\mt.write.1.tlog
F:\DROPBOX\SHU\PROGRAM\THESISPROGRAM\HAE_INFERENCE\RELEASE\SMILEINFERENCE.OBJ
F:\DROPBOX\SHU\PROGRAM\THESISPROGRAM\HAE_INFERENCE\RELEASE\THREAD.OBJ
F:\DROPBOX\SHU\PROGRAM\THESISPROGRAM\HAE_INFERENCE\RELEASE\VC100.PDB
