Build started 7/8/2014 7:34:17 PM.
     1>Project "D:\Dropbox\Shu\Program\Github\PersonalizationForRobotServiceProvidingBehavior\ExperimentI\ExperimentI.vcxproj" on node 2 (build target(s)).
     1>InitializeBuildStatus:
         Touching "Debug\ExperimentI.unsuccessfulbuild".
       ClCompile:
         D:\Program Files (x86)\Microsoft Visual Studio 10.0\VC\bin\CL.exe /c /ZI /nologo /W3 /WX- /Od /Oy- /D WIN32 /D _MBCS /Gm /EHsc /RTC1 /MDd /GS /fp:precise /Zc:wchar_t /Zc:forScope /Fo"Debug\\" /Fd"Debug\vc100.pdb" /Gd /TP /analyze- /errorReport:prompt ..\includes\IPCserver\IntComm.cpp
         IntComm.cpp
     1>d:\dropbox\shu\program\github\personalizationforrobotserviceprovidingbehavior\includes\ipcserver\messages.hpp(154): warning C4996: 'sprintf': This function or variable may be unsafe. Consider using sprintf_s instead. To disable deprecation, use _CRT_SECURE_NO_WARNINGS. See online help for details.
                 d:\program files (x86)\microsoft visual studio 10.0\vc\include\stdio.h(371) : see declaration of 'sprintf'
     1>d:\dropbox\shu\program\github\personalizationforrobotserviceprovidingbehavior\includes\ipcserver\intcomm.cpp(356): warning C4996: 'sprintf': This function or variable may be unsafe. Consider using sprintf_s instead. To disable deprecation, use _CRT_SECURE_NO_WARNINGS. See online help for details.
                 d:\program files (x86)\microsoft visual studio 10.0\vc\include\stdio.h(371) : see declaration of 'sprintf'
       Link:
         D:\Program Files (x86)\Microsoft Visual Studio 10.0\VC\bin\link.exe /ERRORREPORT:PROMPT /OUT:"D:\Dropbox\Shu\Program\Github\PersonalizationForRobotServiceProvidingBehavior\Bin\Debug\ExperimentI.exe" /NOLOGO wsock32.lib ipcMDd_3.9.1.lib kernel32.lib user32.lib gdi32.lib winspool.lib comdlg32.lib advapi32.lib shell32.lib ole32.lib oleaut32.lib uuid.lib odbc32.lib odbccp32.lib /MANIFEST /ManifestFile:"Debug\ExperimentI.exe.intermediate.manifest" /MANIFESTUAC:"level='asInvoker' uiAccess='false'" /DEBUG /PDB:"D:\Dropbox\Shu\Program\Github\PersonalizationForRobotServiceProvidingBehavior\Bin\Debug\ExperimentI.pdb" /TLBID:1 /DYNAMICBASE /NXCOMPAT /IMPLIB:"D:\Dropbox\Shu\Program\Github\PersonalizationForRobotServiceProvidingBehavior\Bin\Debug\ExperimentI.lib" /MACHINE:X86 Debug\CoordTrans.obj
         Debug\IntComm.obj
         Debug\RobotAction.obj
         Debug\Thread.obj
         Debug\Client.obj
         Debug\main.obj
         ExperimentI.vcxproj -> D:\Dropbox\Shu\Program\Github\PersonalizationForRobotServiceProvidingBehavior\Bin\Debug\ExperimentI.exe
       Manifest:
         C:\Program Files (x86)\Microsoft SDKs\Windows\v7.0A\bin\mt.exe /nologo /verbose /outputresource:"D:\Dropbox\Shu\Program\Github\PersonalizationForRobotServiceProvidingBehavior\Bin\Debug\ExperimentI.exe;#1" /manifest Debug\ExperimentI.exe.intermediate.manifest
       FinalizeBuildStatus:
         Deleting file "Debug\ExperimentI.unsuccessfulbuild".
         Touching "Debug\ExperimentI.lastbuildstate".
     1>Done Building Project "D:\Dropbox\Shu\Program\Github\PersonalizationForRobotServiceProvidingBehavior\ExperimentI\ExperimentI.vcxproj" (build target(s)).

Build succeeded.

Time Elapsed 00:00:00.71
