D:\Dropbox\Shu\Program\ThesisProgram\\bin\Debug\HAE_Recording.exe
D:\Dropbox\Shu\Program\ThesisProgram\\bin\Debug\HAE_Recording.ilk
D:\Dropbox\Shu\Program\ThesisProgram\\bin\Debug\HAE_Recording.pdb
D:\DROPBOX\SHU\PROGRAM\THESISPROGRAM\BIN\DEBUG\HAE_RECORDING.EXE
D:\DROPBOX\SHU\PROGRAM\THESISPROGRAM\BIN\DEBUG\HAE_RECORDING.ILK
D:\DROPBOX\SHU\PROGRAM\THESISPROGRAM\BIN\DEBUG\HAE_RECORDING.PDB
D:\Dropbox\Shu\Program\ThesisProgram\HAE_Recording\Debug\cl.command.1.tlog
D:\Dropbox\Shu\Program\ThesisProgram\HAE_Recording\Debug\CL.read.1.tlog
D:\Dropbox\Shu\Program\ThesisProgram\HAE_Recording\Debug\CL.write.1.tlog
D:\DROPBOX\SHU\PROGRAM\THESISPROGRAM\HAE_RECORDING\DEBUG\CLIENT.OBJ
D:\DROPBOX\SHU\PROGRAM\THESISPROGRAM\HAE_RECORDING\DEBUG\HAE_RECORDING.EXE.INTERMEDIATE.MANIFEST
D:\Dropbox\Shu\Program\ThesisProgram\HAE_Recording\Debug\HAE_Recording.vcxprojResolveAssemblyReference.cache
D:\Dropbox\Shu\Program\ThesisProgram\HAE_Recording\Debug\HAE_Recording.write.1.tlog
D:\DROPBOX\SHU\PROGRAM\THESISPROGRAM\HAE_RECORDING\DEBUG\INTCOMM.OBJ
D:\Dropbox\Shu\Program\ThesisProgram\HAE_Recording\Debug\link.command.1.tlog
D:\Dropbox\Shu\Program\ThesisProgram\HAE_Recording\Debug\link.read.1.tlog
D:\Dropbox\Shu\Program\ThesisProgram\HAE_Recording\Debug\link.write.1.tlog
D:\DROPBOX\SHU\PROGRAM\THESISPROGRAM\HAE_RECORDING\DEBUG\MAIN.OBJ
D:\Dropbox\Shu\Program\ThesisProgram\HAE_Recording\Debug\mt.command.1.tlog
D:\Dropbox\Shu\Program\ThesisProgram\HAE_Recording\Debug\mt.read.1.tlog
D:\Dropbox\Shu\Program\ThesisProgram\HAE_Recording\Debug\mt.write.1.tlog
D:\DROPBOX\SHU\PROGRAM\THESISPROGRAM\HAE_RECORDING\DEBUG\THREAD.OBJ
D:\Dropbox\Shu\Program\ThesisProgram\HAE_Recording\Debug\vc100.idb
D:\DROPBOX\SHU\PROGRAM\THESISPROGRAM\HAE_RECORDING\DEBUG\VC100.PDB
F:\DROPBOX\SHU\PROGRAM\THESISPROGRAM\BIN\DEBUG\HAE_RECORDING.EXE
F:\DROPBOX\SHU\PROGRAM\THESISPROGRAM\BIN\DEBUG\HAE_RECORDING.ILK
F:\DROPBOX\SHU\PROGRAM\THESISPROGRAM\BIN\DEBUG\HAE_RECORDING.PDB
F:\DROPBOX\SHU\PROGRAM\THESISPROGRAM\HAE_RECORDING\DEBUG\CLIENT.OBJ
F:\DROPBOX\SHU\PROGRAM\THESISPROGRAM\HAE_RECORDING\DEBUG\HAE_RECORDING.EXE.INTERMEDIATE.MANIFEST
F:\DROPBOX\SHU\PROGRAM\THESISPROGRAM\HAE_RECORDING\DEBUG\INTCOMM.OBJ
F:\DROPBOX\SHU\PROGRAM\THESISPROGRAM\HAE_RECORDING\DEBUG\MAIN.OBJ
F:\DROPBOX\SHU\PROGRAM\THESISPROGRAM\HAE_RECORDING\DEBUG\THREAD.OBJ
F:\DROPBOX\SHU\PROGRAM\THESISPROGRAM\HAE_RECORDING\DEBUG\VC100.PDB
