D:\DROPBOX\SHU\PROGRAM\THESISPROGRAM\BIN\DEBUG\HAE_LEARNING.EXE
D:\DROPBOX\SHU\PROGRAM\THESISPROGRAM\BIN\DEBUG\HAE_LEARNING.ILK
D:\DROPBOX\SHU\PROGRAM\THESISPROGRAM\BIN\DEBUG\HAE_LEARNING.PDB
D:\DROPBOX\SHU\PROGRAM\THESISPROGRAM\HAE_LEARNING\DEBUG\HAE_LEARNING.EXE.INTERMEDIATE.MANIFEST
D:\DROPBOX\SHU\PROGRAM\THESISPROGRAM\HAE_LEARNING\DEBUG\MAIN.OBJ
D:\DROPBOX\SHU\PROGRAM\THESISPROGRAM\HAE_LEARNING\DEBUG\SMILELEARNING.OBJ
D:\DROPBOX\SHU\PROGRAM\THESISPROGRAM\HAE_LEARNING\DEBUG\VC100.PDB
F:\Dropbox\Shu\Program\ThesisProgram\\bin\Debug\HAE_Learning.exe
F:\Dropbox\Shu\Program\ThesisProgram\\bin\Debug\HAE_Learning.ilk
F:\Dropbox\Shu\Program\ThesisProgram\\bin\Debug\HAE_Learning.pdb
F:\DROPBOX\SHU\PROGRAM\THESISPROGRAM\BIN\DEBUG\HAE_LEARNING.EXE
F:\DROPBOX\SHU\PROGRAM\THESISPROGRAM\BIN\DEBUG\HAE_LEARNING.ILK
F:\DROPBOX\SHU\PROGRAM\THESISPROGRAM\BIN\DEBUG\HAE_LEARNING.PDB
F:\Dropbox\Shu\Program\ThesisProgram\HAE_Learning\Debug\cl.command.1.tlog
F:\Dropbox\Shu\Program\ThesisProgram\HAE_Learning\Debug\CL.read.1.tlog
F:\Dropbox\Shu\Program\ThesisProgram\HAE_Learning\Debug\CL.write.1.tlog
F:\DROPBOX\SHU\PROGRAM\THESISPROGRAM\HAE_LEARNING\DEBUG\HAE_LEARNING.EXE.INTERMEDIATE.MANIFEST
F:\Dropbox\Shu\Program\ThesisProgram\HAE_Learning\Debug\HAE_Learning.vcxprojResolveAssemblyReference.cache
F:\Dropbox\Shu\Program\ThesisProgram\HAE_Learning\Debug\HAE_Learning.write.1.tlog
F:\Dropbox\Shu\Program\ThesisProgram\HAE_Learning\Debug\link.command.1.tlog
F:\Dropbox\Shu\Program\ThesisProgram\HAE_Learning\Debug\link.read.1.tlog
F:\Dropbox\Shu\Program\ThesisProgram\HAE_Learning\Debug\link.write.1.tlog
F:\DROPBOX\SHU\PROGRAM\THESISPROGRAM\HAE_LEARNING\DEBUG\MAIN.OBJ
F:\Dropbox\Shu\Program\ThesisProgram\HAE_Learning\Debug\mt.command.1.tlog
F:\Dropbox\Shu\Program\ThesisProgram\HAE_Learning\Debug\mt.read.1.tlog
F:\Dropbox\Shu\Program\ThesisProgram\HAE_Learning\Debug\mt.write.1.tlog
F:\DROPBOX\SHU\PROGRAM\THESISPROGRAM\HAE_LEARNING\DEBUG\SMILELEARNING.OBJ
F:\Dropbox\Shu\Program\ThesisProgram\HAE_Learning\Debug\vc100.idb
F:\DROPBOX\SHU\PROGRAM\THESISPROGRAM\HAE_LEARNING\DEBUG\VC100.PDB
