D:\DROPBOX\SHU\PROGRAM\THESISPROGRAM\BIN\DEBUG\KEYBOARD_EVENT_TRIGGER.EXE
D:\DROPBOX\SHU\PROGRAM\THESISPROGRAM\BIN\DEBUG\KEYBOARD_EVENT_TRIGGER.ILK
D:\DROPBOX\SHU\PROGRAM\THESISPROGRAM\BIN\DEBUG\KEYBOARD_EVENT_TRIGGER.PDB
D:\Dropbox\Shu\Program\ThesisProgram\Keyboard_Event_Trigger\Debug\cl.command.1.tlog
D:\Dropbox\Shu\Program\ThesisProgram\Keyboard_Event_Trigger\Debug\CL.read.1.tlog
D:\Dropbox\Shu\Program\ThesisProgram\Keyboard_Event_Trigger\Debug\CL.write.1.tlog
D:\DROPBOX\SHU\PROGRAM\THESISPROGRAM\KEYBOARD_EVENT_TRIGGER\DEBUG\CLIENT.OBJ
D:\DROPBOX\SHU\PROGRAM\THESISPROGRAM\KEYBOARD_EVENT_TRIGGER\DEBUG\INTCOMM.OBJ
D:\DROPBOX\SHU\PROGRAM\THESISPROGRAM\KEYBOARD_EVENT_TRIGGER\DEBUG\KEYBOARD_EVENT_TRIGGER.EXE.INTERMEDIATE.MANIFEST
D:\Dropbox\Shu\Program\ThesisProgram\Keyboard_Event_Trigger\Debug\Keyboard_Event_Trigger.write.1.tlog
D:\Dropbox\Shu\Program\ThesisProgram\Keyboard_Event_Trigger\Debug\link.command.1.tlog
D:\Dropbox\Shu\Program\ThesisProgram\Keyboard_Event_Trigger\Debug\link.read.1.tlog
D:\Dropbox\Shu\Program\ThesisProgram\Keyboard_Event_Trigger\Debug\link.write.1.tlog
D:\DROPBOX\SHU\PROGRAM\THESISPROGRAM\KEYBOARD_EVENT_TRIGGER\DEBUG\MAIN.OBJ
D:\Dropbox\Shu\Program\ThesisProgram\Keyboard_Event_Trigger\Debug\mt.command.1.tlog
D:\Dropbox\Shu\Program\ThesisProgram\Keyboard_Event_Trigger\Debug\mt.read.1.tlog
D:\Dropbox\Shu\Program\ThesisProgram\Keyboard_Event_Trigger\Debug\mt.write.1.tlog
D:\DROPBOX\SHU\PROGRAM\THESISPROGRAM\KEYBOARD_EVENT_TRIGGER\DEBUG\ROBOTACTION.OBJ
D:\DROPBOX\SHU\PROGRAM\THESISPROGRAM\KEYBOARD_EVENT_TRIGGER\DEBUG\THREAD.OBJ
D:\Dropbox\Shu\Program\ThesisProgram\Keyboard_Event_Trigger\Debug\vc100.idb
D:\DROPBOX\SHU\PROGRAM\THESISPROGRAM\KEYBOARD_EVENT_TRIGGER\DEBUG\VC100.PDB
