F:\DROPBOX\SHU\PROGRAM\GITHUB\PERSONALIZATIONFORROBOTSERVICEPROVIDINGBEHAVIOR\BIN\DEBUG\KEYBOARD_EVENT_TRIGGER.EXE
F:\DROPBOX\SHU\PROGRAM\GITHUB\PERSONALIZATIONFORROBOTSERVICEPROVIDINGBEHAVIOR\BIN\DEBUG\KEYBOARD_EVENT_TRIGGER.ILK
F:\DROPBOX\SHU\PROGRAM\GITHUB\PERSONALIZATIONFORROBOTSERVICEPROVIDINGBEHAVIOR\BIN\DEBUG\KEYBOARD_EVENT_TRIGGER.PDB
F:\Dropbox\Shu\Program\GitHub\PersonalizationForRobotServiceProvidingBehavior\Keyboard_Event_Trigger\Debug\cl.command.1.tlog
F:\Dropbox\Shu\Program\GitHub\PersonalizationForRobotServiceProvidingBehavior\Keyboard_Event_Trigger\Debug\CL.read.1.tlog
F:\Dropbox\Shu\Program\GitHub\PersonalizationForRobotServiceProvidingBehavior\Keyboard_Event_Trigger\Debug\CL.write.1.tlog
F:\DROPBOX\SHU\PROGRAM\GITHUB\PERSONALIZATIONFORROBOTSERVICEPROVIDINGBEHAVIOR\KEYBOARD_EVENT_TRIGGER\DEBUG\CLIENT.OBJ
F:\DROPBOX\SHU\PROGRAM\GITHUB\PERSONALIZATIONFORROBOTSERVICEPROVIDINGBEHAVIOR\KEYBOARD_EVENT_TRIGGER\DEBUG\COORDTRANS.OBJ
F:\DROPBOX\SHU\PROGRAM\GITHUB\PERSONALIZATIONFORROBOTSERVICEPROVIDINGBEHAVIOR\KEYBOARD_EVENT_TRIGGER\DEBUG\INTCOMM.OBJ
F:\DROPBOX\SHU\PROGRAM\GITHUB\PERSONALIZATIONFORROBOTSERVICEPROVIDINGBEHAVIOR\KEYBOARD_EVENT_TRIGGER\DEBUG\KEYBOARD_EVENT_TRIGGER.EXE.INTERMEDIATE.MANIFEST
F:\Dropbox\Shu\Program\GitHub\PersonalizationForRobotServiceProvidingBehavior\Keyboard_Event_Trigger\Debug\Keyboard_Event_Trigger.write.1.tlog
F:\Dropbox\Shu\Program\GitHub\PersonalizationForRobotServiceProvidingBehavior\Keyboard_Event_Trigger\Debug\link.command.1.tlog
F:\Dropbox\Shu\Program\GitHub\PersonalizationForRobotServiceProvidingBehavior\Keyboard_Event_Trigger\Debug\link.read.1.tlog
F:\Dropbox\Shu\Program\GitHub\PersonalizationForRobotServiceProvidingBehavior\Keyboard_Event_Trigger\Debug\link.write.1.tlog
F:\DROPBOX\SHU\PROGRAM\GITHUB\PERSONALIZATIONFORROBOTSERVICEPROVIDINGBEHAVIOR\KEYBOARD_EVENT_TRIGGER\DEBUG\MAIN.OBJ
F:\Dropbox\Shu\Program\GitHub\PersonalizationForRobotServiceProvidingBehavior\Keyboard_Event_Trigger\Debug\mt.command.1.tlog
F:\Dropbox\Shu\Program\GitHub\PersonalizationForRobotServiceProvidingBehavior\Keyboard_Event_Trigger\Debug\mt.read.1.tlog
F:\Dropbox\Shu\Program\GitHub\PersonalizationForRobotServiceProvidingBehavior\Keyboard_Event_Trigger\Debug\mt.write.1.tlog
F:\DROPBOX\SHU\PROGRAM\GITHUB\PERSONALIZATIONFORROBOTSERVICEPROVIDINGBEHAVIOR\KEYBOARD_EVENT_TRIGGER\DEBUG\ROBOTACTION.OBJ
F:\DROPBOX\SHU\PROGRAM\GITHUB\PERSONALIZATIONFORROBOTSERVICEPROVIDINGBEHAVIOR\KEYBOARD_EVENT_TRIGGER\DEBUG\THREAD.OBJ
F:\Dropbox\Shu\Program\GitHub\PersonalizationForRobotServiceProvidingBehavior\Keyboard_Event_Trigger\Debug\vc100.idb
F:\DROPBOX\SHU\PROGRAM\GITHUB\PERSONALIZATIONFORROBOTSERVICEPROVIDINGBEHAVIOR\KEYBOARD_EVENT_TRIGGER\DEBUG\VC100.PDB
