F:\DROPBOX\SHU\PROGRAM\GITHUB\PERSONALIZATIONFORROBOTSERVICEPROVIDINGBEHAVIOR\BIN\DEBUG\HUMAN-AWAREINTERACTIVELEARNER.EXE
F:\DROPBOX\SHU\PROGRAM\GITHUB\PERSONALIZATIONFORROBOTSERVICEPROVIDINGBEHAVIOR\BIN\DEBUG\HUMAN-AWAREINTERACTIVELEARNER.ILK
F:\DROPBOX\SHU\PROGRAM\GITHUB\PERSONALIZATIONFORROBOTSERVICEPROVIDINGBEHAVIOR\BIN\DEBUG\HUMAN-AWAREINTERACTIVELEARNER.PDB
F:\Dropbox\Shu\Program\GitHub\PersonalizationForRobotServiceProvidingBehavior\Human-AwareInteractiveLearner\Debug\cl.command.1.tlog
F:\Dropbox\Shu\Program\GitHub\PersonalizationForRobotServiceProvidingBehavior\Human-AwareInteractiveLearner\Debug\CL.read.1.tlog
F:\Dropbox\Shu\Program\GitHub\PersonalizationForRobotServiceProvidingBehavior\Human-AwareInteractiveLearner\Debug\CL.write.1.tlog
F:\DROPBOX\SHU\PROGRAM\GITHUB\PERSONALIZATIONFORROBOTSERVICEPROVIDINGBEHAVIOR\HUMAN-AWAREINTERACTIVELEARNER\DEBUG\CLIENT.OBJ
F:\DROPBOX\SHU\PROGRAM\GITHUB\PERSONALIZATIONFORROBOTSERVICEPROVIDINGBEHAVIOR\HUMAN-AWAREINTERACTIVELEARNER\DEBUG\COORDTRANS.OBJ
F:\DROPBOX\SHU\PROGRAM\GITHUB\PERSONALIZATIONFORROBOTSERVICEPROVIDINGBEHAVIOR\HUMAN-AWAREINTERACTIVELEARNER\DEBUG\HUMAN-AWAREINTERACTIVELEARNER.EXE.INTERMEDIATE.MANIFEST
F:\Dropbox\Shu\Program\GitHub\PersonalizationForRobotServiceProvidingBehavior\Human-AwareInteractiveLearner\Debug\Human-AwareInteractiveLearner.vcxprojResolveAssemblyReference.cache
F:\Dropbox\Shu\Program\GitHub\PersonalizationForRobotServiceProvidingBehavior\Human-AwareInteractiveLearner\Debug\Human-AwareInteractiveLearner.write.1.tlog
F:\DROPBOX\SHU\PROGRAM\GITHUB\PERSONALIZATIONFORROBOTSERVICEPROVIDINGBEHAVIOR\HUMAN-AWAREINTERACTIVELEARNER\DEBUG\INTCOMM.OBJ
F:\Dropbox\Shu\Program\GitHub\PersonalizationForRobotServiceProvidingBehavior\Human-AwareInteractiveLearner\Debug\link.command.1.tlog
F:\Dropbox\Shu\Program\GitHub\PersonalizationForRobotServiceProvidingBehavior\Human-AwareInteractiveLearner\Debug\link.read.1.tlog
F:\Dropbox\Shu\Program\GitHub\PersonalizationForRobotServiceProvidingBehavior\Human-AwareInteractiveLearner\Debug\link.read.2.tlog
F:\Dropbox\Shu\Program\GitHub\PersonalizationForRobotServiceProvidingBehavior\Human-AwareInteractiveLearner\Debug\link.write.1.tlog
F:\DROPBOX\SHU\PROGRAM\GITHUB\PERSONALIZATIONFORROBOTSERVICEPROVIDINGBEHAVIOR\HUMAN-AWAREINTERACTIVELEARNER\DEBUG\MAIN.OBJ
F:\Dropbox\Shu\Program\GitHub\PersonalizationForRobotServiceProvidingBehavior\Human-AwareInteractiveLearner\Debug\mt.command.1.tlog
F:\Dropbox\Shu\Program\GitHub\PersonalizationForRobotServiceProvidingBehavior\Human-AwareInteractiveLearner\Debug\mt.read.1.tlog
F:\Dropbox\Shu\Program\GitHub\PersonalizationForRobotServiceProvidingBehavior\Human-AwareInteractiveLearner\Debug\mt.write.1.tlog
F:\DROPBOX\SHU\PROGRAM\GITHUB\PERSONALIZATIONFORROBOTSERVICEPROVIDINGBEHAVIOR\HUMAN-AWAREINTERACTIVELEARNER\DEBUG\ROBOTACTION.OBJ
F:\DROPBOX\SHU\PROGRAM\GITHUB\PERSONALIZATIONFORROBOTSERVICEPROVIDINGBEHAVIOR\HUMAN-AWAREINTERACTIVELEARNER\DEBUG\THREAD.OBJ
F:\Dropbox\Shu\Program\GitHub\PersonalizationForRobotServiceProvidingBehavior\Human-AwareInteractiveLearner\Debug\vc100.idb
F:\DROPBOX\SHU\PROGRAM\GITHUB\PERSONALIZATIONFORROBOTSERVICEPROVIDINGBEHAVIOR\HUMAN-AWAREINTERACTIVELEARNER\DEBUG\VC100.PDB
