Build started 7/28/2014 6:40:43 PM.
     1>Project "D:\Dropbox\Shu\Program\Github\PersonalizationForRobotServiceProvidingBehavior\DEMO_TAROS_2014\DEMO_TAROS_2014.vcxproj" on node 2 (build target(s)).
     1>InitializeBuildStatus:
         Creating "Debug\DEMO_TAROS_2014.unsuccessfulbuild" because "AlwaysCreate" was specified.
       ClCompile:
         D:\Program Files (x86)\Microsoft Visual Studio 10.0\VC\bin\CL.exe /c /ZI /nologo /W3 /WX- /Od /Oy- /D WIN32 /D _MBCS /Gm /EHsc /RTC1 /MDd /GS /fp:precise /Zc:wchar_t /Zc:forScope /Fo"Debug\\" /Fd"Debug\vc100.pdb" /Gd /TP /analyze- /errorReport:prompt main_DEMO_TAROS_2014.cpp
         main_DEMO_TAROS_2014.cpp
     1>d:\dropbox\shu\program\github\personalizationforrobotserviceprovidingbehavior\includes\ipcserver\messages.hpp(154): warning C4996: 'sprintf': This function or variable may be unsafe. Consider using sprintf_s instead. To disable deprecation, use _CRT_SECURE_NO_WARNINGS. See online help for details.
                 d:\program files (x86)\microsoft visual studio 10.0\vc\include\stdio.h(371) : see declaration of 'sprintf'
       Link:
         D:\Program Files (x86)\Microsoft Visual Studio 10.0\VC\bin\link.exe /ERRORREPORT:PROMPT /OUT:"D:\Dropbox\Shu\Program\Github\PersonalizationForRobotServiceProvidingBehavior\Bin\Debug\DEMO_TAROS_2014.exe" /NOLOGO lcm.lib wsock32.lib ipcMDd_3.9.1.lib kernel32.lib user32.lib gdi32.lib winspool.lib comdlg32.lib advapi32.lib shell32.lib ole32.lib oleaut32.lib uuid.lib odbc32.lib odbccp32.lib /MANIFEST /ManifestFile:"Debug\DEMO_TAROS_2014.exe.intermediate.manifest" /MANIFESTUAC:"level='asInvoker' uiAccess='false'" /DEBUG /PDB:"D:\Dropbox\Shu\Program\Github\PersonalizationForRobotServiceProvidingBehavior\Bin\Debug\DEMO_TAROS_2014.pdb" /TLBID:1 /DYNAMICBASE /NXCOMPAT /IMPLIB:"D:\Dropbox\Shu\Program\Github\PersonalizationForRobotServiceProvidingBehavior\Bin\Debug\DEMO_TAROS_2014.lib" /MACHINE:X86 Debug\CoordTrans.obj
         Debug\IntComm.obj
         Debug\RobotAction.obj
         Debug\Thread.obj
         Debug\Client.obj
         Debug\main_DEMO_TAROS_2014.obj
         LINK : D:\Dropbox\Shu\Program\Github\PersonalizationForRobotServiceProvidingBehavior\Bin\Debug\DEMO_TAROS_2014.exe not found or not built by the last incremental link; performing full link
         DEMO_TAROS_2014.vcxproj -> D:\Dropbox\Shu\Program\Github\PersonalizationForRobotServiceProvidingBehavior\Bin\Debug\DEMO_TAROS_2014.exe
       Manifest:
         C:\Program Files (x86)\Microsoft SDKs\Windows\v7.0A\bin\mt.exe /nologo /verbose /outputresource:"D:\Dropbox\Shu\Program\Github\PersonalizationForRobotServiceProvidingBehavior\Bin\Debug\DEMO_TAROS_2014.exe;#1" /manifest Debug\DEMO_TAROS_2014.exe.intermediate.manifest
       FinalizeBuildStatus:
         Deleting file "Debug\DEMO_TAROS_2014.unsuccessfulbuild".
         Touching "Debug\DEMO_TAROS_2014.lastbuildstate".
     1>Done Building Project "D:\Dropbox\Shu\Program\Github\PersonalizationForRobotServiceProvidingBehavior\DEMO_TAROS_2014\DEMO_TAROS_2014.vcxproj" (build target(s)).

Build succeeded.

Time Elapsed 00:00:00.97
