D:\DROPBOX\SHU\PROGRAM\GITHUB\PERSONALIZATIONFORROBOTSERVICEPROVIDINGBEHAVIOR\DEBUG\DEMO_TAROS_2014.EXE
D:\DROPBOX\SHU\PROGRAM\GITHUB\PERSONALIZATIONFORROBOTSERVICEPROVIDINGBEHAVIOR\DEBUG\DEMO_TAROS_2014.ILK
D:\DROPBOX\SHU\PROGRAM\GITHUB\PERSONALIZATIONFORROBOTSERVICEPROVIDINGBEHAVIOR\DEBUG\DEMO_TAROS_2014.PDB
D:\Dropbox\Shu\Program\Github\PersonalizationForRobotServiceProvidingBehavior\DEMO_TAROS_2014\Debug\cl.command.1.tlog
D:\Dropbox\Shu\Program\Github\PersonalizationForRobotServiceProvidingBehavior\DEMO_TAROS_2014\Debug\CL.read.1.tlog
D:\Dropbox\Shu\Program\Github\PersonalizationForRobotServiceProvidingBehavior\DEMO_TAROS_2014\Debug\CL.write.1.tlog
D:\DROPBOX\SHU\PROGRAM\GITHUB\PERSONALIZATIONFORROBOTSERVICEPROVIDINGBEHAVIOR\DEMO_TAROS_2014\DEBUG\CLIENT.OBJ
D:\DROPBOX\SHU\PROGRAM\GITHUB\PERSONALIZATIONFORROBOTSERVICEPROVIDINGBEHAVIOR\DEMO_TAROS_2014\DEBUG\COORDTRANS.OBJ
D:\DROPBOX\SHU\PROGRAM\GITHUB\PERSONALIZATIONFORROBOTSERVICEPROVIDINGBEHAVIOR\DEMO_TAROS_2014\DEBUG\DEMO_TAROS_2014.EXE.INTERMEDIATE.MANIFEST
D:\Dropbox\Shu\Program\Github\PersonalizationForRobotServiceProvidingBehavior\DEMO_TAROS_2014\Debug\DEMO_TAROS_2014.vcxprojResolveAssemblyReference.cache
D:\Dropbox\Shu\Program\Github\PersonalizationForRobotServiceProvidingBehavior\DEMO_TAROS_2014\Debug\DEMO_TAROS_2014.write.1.tlog
D:\DROPBOX\SHU\PROGRAM\GITHUB\PERSONALIZATIONFORROBOTSERVICEPROVIDINGBEHAVIOR\DEMO_TAROS_2014\DEBUG\INTCOMM.OBJ
D:\Dropbox\Shu\Program\Github\PersonalizationForRobotServiceProvidingBehavior\DEMO_TAROS_2014\Debug\link.command.1.tlog
D:\Dropbox\Shu\Program\Github\PersonalizationForRobotServiceProvidingBehavior\DEMO_TAROS_2014\Debug\link.read.1.tlog
D:\Dropbox\Shu\Program\Github\PersonalizationForRobotServiceProvidingBehavior\DEMO_TAROS_2014\Debug\link.write.1.tlog
D:\DROPBOX\SHU\PROGRAM\GITHUB\PERSONALIZATIONFORROBOTSERVICEPROVIDINGBEHAVIOR\DEMO_TAROS_2014\DEBUG\MAIN_DEMO_TAROS_2014.OBJ
D:\Dropbox\Shu\Program\Github\PersonalizationForRobotServiceProvidingBehavior\DEMO_TAROS_2014\Debug\mt.command.1.tlog
D:\Dropbox\Shu\Program\Github\PersonalizationForRobotServiceProvidingBehavior\DEMO_TAROS_2014\Debug\mt.read.1.tlog
D:\Dropbox\Shu\Program\Github\PersonalizationForRobotServiceProvidingBehavior\DEMO_TAROS_2014\Debug\mt.write.1.tlog
D:\DROPBOX\SHU\PROGRAM\GITHUB\PERSONALIZATIONFORROBOTSERVICEPROVIDINGBEHAVIOR\DEMO_TAROS_2014\DEBUG\ROBOTACTION.OBJ
D:\DROPBOX\SHU\PROGRAM\GITHUB\PERSONALIZATIONFORROBOTSERVICEPROVIDINGBEHAVIOR\DEMO_TAROS_2014\DEBUG\THREAD.OBJ
D:\Dropbox\Shu\Program\Github\PersonalizationForRobotServiceProvidingBehavior\DEMO_TAROS_2014\Debug\vc100.idb
D:\DROPBOX\SHU\PROGRAM\GITHUB\PERSONALIZATIONFORROBOTSERVICEPROVIDINGBEHAVIOR\DEMO_TAROS_2014\DEBUG\VC100.PDB
