D:\Dropbox\Shu\Program\ThesisProgram\\bin\Debug\VoiceActivityDetector.exe
D:\Dropbox\Shu\Program\ThesisProgram\\bin\Debug\VoiceActivityDetector.ilk
D:\Dropbox\Shu\Program\ThesisProgram\\bin\Debug\VoiceActivityDetector.pdb
D:\DROPBOX\SHU\PROGRAM\THESISPROGRAM\BIN\DEBUG\VOICEACTIVITYDETECTOR.EXE
D:\DROPBOX\SHU\PROGRAM\THESISPROGRAM\BIN\DEBUG\VOICEACTIVITYDETECTOR.ILK
D:\DROPBOX\SHU\PROGRAM\THESISPROGRAM\BIN\DEBUG\VOICEACTIVITYDETECTOR.PDB
D:\Dropbox\Shu\Program\ThesisProgram\VoiceActivityDetector\Debug\cl.command.1.tlog
D:\Dropbox\Shu\Program\ThesisProgram\VoiceActivityDetector\Debug\CL.read.1.tlog
D:\Dropbox\Shu\Program\ThesisProgram\VoiceActivityDetector\Debug\CL.write.1.tlog
D:\DROPBOX\SHU\PROGRAM\THESISPROGRAM\VOICEACTIVITYDETECTOR\DEBUG\CLIENT.OBJ
D:\DROPBOX\SHU\PROGRAM\THESISPROGRAM\VOICEACTIVITYDETECTOR\DEBUG\INTCOMM.OBJ
D:\Dropbox\Shu\Program\ThesisProgram\VoiceActivityDetector\Debug\link.command.1.tlog
D:\Dropbox\Shu\Program\ThesisProgram\VoiceActivityDetector\Debug\link.read.1.tlog
D:\Dropbox\Shu\Program\ThesisProgram\VoiceActivityDetector\Debug\link.write.1.tlog
D:\DROPBOX\SHU\PROGRAM\THESISPROGRAM\VOICEACTIVITYDETECTOR\DEBUG\MAIN.OBJ
D:\Dropbox\Shu\Program\ThesisProgram\VoiceActivityDetector\Debug\mt.command.1.tlog
D:\Dropbox\Shu\Program\ThesisProgram\VoiceActivityDetector\Debug\mt.read.1.tlog
D:\Dropbox\Shu\Program\ThesisProgram\VoiceActivityDetector\Debug\mt.write.1.tlog
D:\DROPBOX\SHU\PROGRAM\THESISPROGRAM\VOICEACTIVITYDETECTOR\DEBUG\THREAD.OBJ
D:\Dropbox\Shu\Program\ThesisProgram\VoiceActivityDetector\Debug\vc100.idb
D:\DROPBOX\SHU\PROGRAM\THESISPROGRAM\VOICEACTIVITYDETECTOR\DEBUG\VC100.PDB
D:\DROPBOX\SHU\PROGRAM\THESISPROGRAM\VOICEACTIVITYDETECTOR\DEBUG\VOICEACTIVITYDETECTOR.EXE.INTERMEDIATE.MANIFEST
D:\Dropbox\Shu\Program\ThesisProgram\VoiceActivityDetector\Debug\VoiceActivityDetector.vcxprojResolveAssemblyReference.cache
D:\Dropbox\Shu\Program\ThesisProgram\VoiceActivityDetector\Debug\VoiceActivityDetector.write.1.tlog
F:\DROPBOX\SHU\PROGRAM\THESISPROGRAM\BIN\DEBUG\VOICEACTIVITYDETECTOR.EXE
F:\DROPBOX\SHU\PROGRAM\THESISPROGRAM\BIN\DEBUG\VOICEACTIVITYDETECTOR.ILK
F:\DROPBOX\SHU\PROGRAM\THESISPROGRAM\BIN\DEBUG\VOICEACTIVITYDETECTOR.PDB
F:\DROPBOX\SHU\PROGRAM\THESISPROGRAM\VOICEACTIVITYDETECTOR\DEBUG\CLIENT.OBJ
F:\DROPBOX\SHU\PROGRAM\THESISPROGRAM\VOICEACTIVITYDETECTOR\DEBUG\INTCOMM.OBJ
F:\DROPBOX\SHU\PROGRAM\THESISPROGRAM\VOICEACTIVITYDETECTOR\DEBUG\MAIN.OBJ
F:\DROPBOX\SHU\PROGRAM\THESISPROGRAM\VOICEACTIVITYDETECTOR\DEBUG\THREAD.OBJ
F:\DROPBOX\SHU\PROGRAM\THESISPROGRAM\VOICEACTIVITYDETECTOR\DEBUG\VC100.PDB
F:\DROPBOX\SHU\PROGRAM\THESISPROGRAM\VOICEACTIVITYDETECTOR\DEBUG\VOICEACTIVITYDETECTOR.EXE.INTERMEDIATE.MANIFEST
