Build started 5/22/2014 11:28:18 AM.
     1>Project "D:\Dropbox\Shu\Program\ThesisProgram\VoiceActivityDetector\VoiceActivityDetector.vcxproj" on node 2 (build target(s)).
     1>InitializeBuildStatus:
         Creating "Release\VoiceActivityDetector.unsuccessfulbuild" because "AlwaysCreate" was specified.
       ClCompile:
         D:\Program Files (x86)\Microsoft Visual Studio 10.0\VC\bin\CL.exe /c /Zi /nologo /W3 /WX- /O2 /Oi /Oy- /GL /D WIN32 /D _MBCS /Gm- /EHsc /MD /GS /Gy /fp:precise /Zc:wchar_t /Zc:forScope /Fo"Release\\" /Fd"Release\vc100.pdb" /Gd /TP /analyze- /errorReport:prompt ..\includes\IPCserver\IntComm.cpp ..\includes\Thread\Thread.cpp IPCserver\Client.cpp main.cpp
         IntComm.cpp
     1>d:\dropbox\shu\program\thesisprogram\includes\ipcserver\Messages.hpp(154): warning C4996: 'sprintf': This function or variable may be unsafe. Consider using sprintf_s instead. To disable deprecation, use _CRT_SECURE_NO_WARNINGS. See online help for details.
                 D:\Program Files (x86)\Microsoft Visual Studio 10.0\VC\include\stdio.h(371) : see declaration of 'sprintf'
     1>..\includes\IPCserver\IntComm.cpp(354): warning C4996: 'sprintf': This function or variable may be unsafe. Consider using sprintf_s instead. To disable deprecation, use _CRT_SECURE_NO_WARNINGS. See online help for details.
                 D:\Program Files (x86)\Microsoft Visual Studio 10.0\VC\include\stdio.h(371) : see declaration of 'sprintf'
         Thread.cpp
         Client.cpp
     1>d:\dropbox\shu\program\thesisprogram\includes\ipcserver\Messages.hpp(154): warning C4996: 'sprintf': This function or variable may be unsafe. Consider using sprintf_s instead. To disable deprecation, use _CRT_SECURE_NO_WARNINGS. See online help for details.
                 D:\Program Files (x86)\Microsoft Visual Studio 10.0\VC\include\stdio.h(371) : see declaration of 'sprintf'
         main.cpp
     1>d:\dropbox\shu\program\thesisprogram\includes\ipcserver\Messages.hpp(154): warning C4996: 'sprintf': This function or variable may be unsafe. Consider using sprintf_s instead. To disable deprecation, use _CRT_SECURE_NO_WARNINGS. See online help for details.
                 D:\Program Files (x86)\Microsoft Visual Studio 10.0\VC\include\stdio.h(371) : see declaration of 'sprintf'
     1>main.cpp(154): warning C4800: 'int' : forcing value to bool 'true' or 'false' (performance warning)
     1>main.cpp(177): warning C4244: '=' : conversion from 'double' to 'int', possible loss of data
     1>main.cpp(190): warning C4244: '=' : conversion from 'double' to 'float', possible loss of data
     1>main.cpp(305): warning C4996: 'fopen': This function or variable may be unsafe. Consider using fopen_s instead. To disable deprecation, use _CRT_SECURE_NO_WARNINGS. See online help for details.
                 D:\Program Files (x86)\Microsoft Visual Studio 10.0\VC\include\stdio.h(234) : see declaration of 'fopen'
       Link:
         D:\Program Files (x86)\Microsoft Visual Studio 10.0\VC\bin\link.exe /ERRORREPORT:PROMPT /OUT:"D:\Dropbox\Shu\Program\ThesisProgram\\bin\Release\VoiceActivityDetector.exe" /NOLOGO wsock32.lib ipcMD_3.9.1.lib portaudio_x86.lib kernel32.lib user32.lib gdi32.lib winspool.lib comdlg32.lib advapi32.lib shell32.lib ole32.lib oleaut32.lib uuid.lib odbc32.lib odbccp32.lib /MANIFEST /ManifestFile:"Release\VoiceActivityDetector.exe.intermediate.manifest" /MANIFESTUAC:"level='asInvoker' uiAccess='false'" /DEBUG /PDB:"D:\Dropbox\Shu\Program\ThesisProgram\bin\Release\VoiceActivityDetector.pdb" /OPT:REF /OPT:ICF /LTCG /TLBID:1 /DYNAMICBASE /NXCOMPAT /IMPLIB:"D:\Dropbox\Shu\Program\ThesisProgram\\bin\Release\VoiceActivityDetector.lib" /MACHINE:X86 Release\IntComm.obj
         Release\Thread.obj
         Release\Client.obj
         Release\main.obj
         Generating code
         Finished generating code
         VoiceActivityDetector.vcxproj -> D:\Dropbox\Shu\Program\ThesisProgram\\bin\Release\VoiceActivityDetector.exe
       Manifest:
         C:\Program Files (x86)\Microsoft SDKs\Windows\v7.0A\bin\mt.exe /nologo /verbose /outputresource:"D:\Dropbox\Shu\Program\ThesisProgram\\bin\Release\VoiceActivityDetector.exe;#1" /manifest Release\VoiceActivityDetector.exe.intermediate.manifest
       FinalizeBuildStatus:
         Deleting file "Release\VoiceActivityDetector.unsuccessfulbuild".
         Touching "Release\VoiceActivityDetector.lastbuildstate".
     1>Done Building Project "D:\Dropbox\Shu\Program\ThesisProgram\VoiceActivityDetector\VoiceActivityDetector.vcxproj" (build target(s)).

Build succeeded.

Time Elapsed 00:00:03.19
