Build started 2014/5/17 下午 03:37:08.
     1>Project "F:\Dropbox\Shu\Program\ThesisProgram\HAE_Recording\HAE_Recording.vcxproj" on node 2 (build target(s)).
     1>InitializeBuildStatus:
         Creating "Release\HAE_Recording.unsuccessfulbuild" because "AlwaysCreate" was specified.
       ClCompile:
         c:\Program Files (x86)\Microsoft Visual Studio 10.0\VC\bin\CL.exe /c /Zi /nologo /W3 /WX- /O2 /Oi /Oy- /GL /D WIN32 /D _MBCS /Gm- /EHsc /MD /GS /Gy /fp:precise /Zc:wchar_t /Zc:forScope /Fo"Release\\" /Fd"Release\vc100.pdb" /Gd /TP /analyze- /errorReport:prompt ..\includes\IPCserver\IntComm.cpp ..\includes\Thread\Thread.cpp IPCserver\Client.cpp main.cpp
         IntComm.cpp
     1>f:\dropbox\shu\program\thesisprogram\includes\ipcserver\Messages.hpp(154): warning C4996: 'sprintf': This function or variable may be unsafe. Consider using sprintf_s instead. To disable deprecation, use _CRT_SECURE_NO_WARNINGS. See online help for details.
                 c:\Program Files (x86)\Microsoft Visual Studio 10.0\VC\include\stdio.h(371) : see declaration of 'sprintf'
     1>..\includes\IPCserver\IntComm.cpp(351): warning C4996: 'sprintf': This function or variable may be unsafe. Consider using sprintf_s instead. To disable deprecation, use _CRT_SECURE_NO_WARNINGS. See online help for details.
                 c:\Program Files (x86)\Microsoft Visual Studio 10.0\VC\include\stdio.h(371) : see declaration of 'sprintf'
         Thread.cpp
         Client.cpp
     1>f:\dropbox\shu\program\thesisprogram\includes\ipcserver\Messages.hpp(154): warning C4996: 'sprintf': This function or variable may be unsafe. Consider using sprintf_s instead. To disable deprecation, use _CRT_SECURE_NO_WARNINGS. See online help for details.
                 c:\Program Files (x86)\Microsoft Visual Studio 10.0\VC\include\stdio.h(371) : see declaration of 'sprintf'
         main.cpp
     1>f:\dropbox\shu\program\thesisprogram\includes\ipcserver\Messages.hpp(154): warning C4996: 'sprintf': This function or variable may be unsafe. Consider using sprintf_s instead. To disable deprecation, use _CRT_SECURE_NO_WARNINGS. See online help for details.
                 c:\Program Files (x86)\Microsoft Visual Studio 10.0\VC\include\stdio.h(371) : see declaration of 'sprintf'
     1>main.cpp(59): warning C4996: 'kbhit': The POSIX name for this item is deprecated. Instead, use the ISO C++ conformant name: _kbhit. See online help for details.
                 c:\Program Files (x86)\Microsoft Visual Studio 10.0\VC\include\conio.h(130) : see declaration of 'kbhit'
     1>main.cpp(60): warning C4996: 'getch': The POSIX name for this item is deprecated. Instead, use the ISO C++ conformant name: _getch. See online help for details.
                 c:\Program Files (x86)\Microsoft Visual Studio 10.0\VC\include\conio.h(128) : see declaration of 'getch'
       Link:
         c:\Program Files (x86)\Microsoft Visual Studio 10.0\VC\bin\link.exe /ERRORREPORT:PROMPT /OUT:"F:\Dropbox\Shu\Program\ThesisProgram\\bin\Release\HAE_Recording.exe" /NOLOGO wsock32.lib ipcMD_3.9.1.lib kernel32.lib user32.lib gdi32.lib winspool.lib comdlg32.lib advapi32.lib shell32.lib ole32.lib oleaut32.lib uuid.lib odbc32.lib odbccp32.lib /MANIFEST /ManifestFile:"Release\HAE_Recording.exe.intermediate.manifest" /MANIFESTUAC:"level='asInvoker' uiAccess='false'" /DEBUG /PDB:"F:\Dropbox\Shu\Program\ThesisProgram\bin\Release\HAE_Recording.pdb" /OPT:REF /OPT:ICF /LTCG /TLBID:1 /DYNAMICBASE /NXCOMPAT /IMPLIB:"F:\Dropbox\Shu\Program\ThesisProgram\\bin\Release\HAE_Recording.lib" /MACHINE:X86 Release\IntComm.obj
         Release\Thread.obj
         Release\Client.obj
         Release\main.obj
         Generating code
         Finished generating code
     1>ipcMD_3.9.1.lib(behaviors.obj) : warning LNK4099: PDB 'vc100.pdb' was not found with 'ipcMD_3.9.1.lib(behaviors.obj)' or at 'F:\Dropbox\Shu\Program\ThesisProgram\bin\Release\vc100.pdb'; linking object as if no debug info
     1>ipcMD_3.9.1.lib(com.obj) : warning LNK4099: PDB 'vc100.pdb' was not found with 'ipcMD_3.9.1.lib(com.obj)' or at 'F:\Dropbox\Shu\Program\ThesisProgram\bin\Release\vc100.pdb'; linking object as if no debug info
     1>ipcMD_3.9.1.lib(comModule.obj) : warning LNK4099: PDB 'vc100.pdb' was not found with 'ipcMD_3.9.1.lib(comModule.obj)' or at 'F:\Dropbox\Shu\Program\ThesisProgram\bin\Release\vc100.pdb'; linking object as if no debug info
     1>ipcMD_3.9.1.lib(datamsg.obj) : warning LNK4099: PDB 'vc100.pdb' was not found with 'ipcMD_3.9.1.lib(datamsg.obj)' or at 'F:\Dropbox\Shu\Program\ThesisProgram\bin\Release\vc100.pdb'; linking object as if no debug info
     1>ipcMD_3.9.1.lib(formatters.obj) : warning LNK4099: PDB 'vc100.pdb' was not found with 'ipcMD_3.9.1.lib(formatters.obj)' or at 'F:\Dropbox\Shu\Program\ThesisProgram\bin\Release\vc100.pdb'; linking object as if no debug info
     1>ipcMD_3.9.1.lib(globalM.obj) : warning LNK4099: PDB 'vc100.pdb' was not found with 'ipcMD_3.9.1.lib(globalM.obj)' or at 'F:\Dropbox\Shu\Program\ThesisProgram\bin\Release\vc100.pdb'; linking object as if no debug info
     1>ipcMD_3.9.1.lib(globalMUtil.obj) : warning LNK4099: PDB 'vc100.pdb' was not found with 'ipcMD_3.9.1.lib(globalMUtil.obj)' or at 'F:\Dropbox\Shu\Program\ThesisProgram\bin\Release\vc100.pdb'; linking object as if no debug info
     1>ipcMD_3.9.1.lib(hash.obj) : warning LNK4099: PDB 'vc100.pdb' was not found with 'ipcMD_3.9.1.lib(hash.obj)' or at 'F:\Dropbox\Shu\Program\ThesisProgram\bin\Release\vc100.pdb'; linking object as if no debug info
     1>ipcMD_3.9.1.lib(idtable.obj) : warning LNK4099: PDB 'vc100.pdb' was not found with 'ipcMD_3.9.1.lib(idtable.obj)' or at 'F:\Dropbox\Shu\Program\ThesisProgram\bin\Release\vc100.pdb'; linking object as if no debug info
     1>ipcMD_3.9.1.lib(ipc.obj) : warning LNK4099: PDB 'vc100.pdb' was not found with 'ipcMD_3.9.1.lib(ipc.obj)' or at 'F:\Dropbox\Shu\Program\ThesisProgram\bin\Release\vc100.pdb'; linking object as if no debug info
     1>ipcMD_3.9.1.lib(key.obj) : warning LNK4099: PDB 'vc100.pdb' was not found with 'ipcMD_3.9.1.lib(key.obj)' or at 'F:\Dropbox\Shu\Program\ThesisProgram\bin\Release\vc100.pdb'; linking object as if no debug info
     1>ipcMD_3.9.1.lib(lex.obj) : warning LNK4099: PDB 'vc100.pdb' was not found with 'ipcMD_3.9.1.lib(lex.obj)' or at 'F:\Dropbox\Shu\Program\ThesisProgram\bin\Release\vc100.pdb'; linking object as if no debug info
     1>ipcMD_3.9.1.lib(list.obj) : warning LNK4099: PDB 'vc100.pdb' was not found with 'ipcMD_3.9.1.lib(list.obj)' or at 'F:\Dropbox\Shu\Program\ThesisProgram\bin\Release\vc100.pdb'; linking object as if no debug info
     1>ipcMD_3.9.1.lib(marshall.obj) : warning LNK4099: PDB 'vc100.pdb' was not found with 'ipcMD_3.9.1.lib(marshall.obj)' or at 'F:\Dropbox\Shu\Program\ThesisProgram\bin\Release\vc100.pdb'; linking object as if no debug info
     1>ipcMD_3.9.1.lib(modVar.obj) : warning LNK4099: PDB 'vc100.pdb' was not found with 'ipcMD_3.9.1.lib(modVar.obj)' or at 'F:\Dropbox\Shu\Program\ThesisProgram\bin\Release\vc100.pdb'; linking object as if no debug info
     1>ipcMD_3.9.1.lib(parseFmttrs.obj) : warning LNK4099: PDB 'vc100.pdb' was not found with 'ipcMD_3.9.1.lib(parseFmttrs.obj)' or at 'F:\Dropbox\Shu\Program\ThesisProgram\bin\Release\vc100.pdb'; linking object as if no debug info
     1>ipcMD_3.9.1.lib(primFmttrs.obj) : warning LNK4099: PDB 'vc100.pdb' was not found with 'ipcMD_3.9.1.lib(primFmttrs.obj)' or at 'F:\Dropbox\Shu\Program\ThesisProgram\bin\Release\vc100.pdb'; linking object as if no debug info
     1>ipcMD_3.9.1.lib(printData.obj) : warning LNK4099: PDB 'vc100.pdb' was not found with 'ipcMD_3.9.1.lib(printData.obj)' or at 'F:\Dropbox\Shu\Program\ThesisProgram\bin\Release\vc100.pdb'; linking object as if no debug info
     1>ipcMD_3.9.1.lib(queryResponse.obj) : warning LNK4099: PDB 'vc100.pdb' was not found with 'ipcMD_3.9.1.lib(queryResponse.obj)' or at 'F:\Dropbox\Shu\Program\ThesisProgram\bin\Release\vc100.pdb'; linking object as if no debug info
     1>ipcMD_3.9.1.lib(reg.obj) : warning LNK4099: PDB 'vc100.pdb' was not found with 'ipcMD_3.9.1.lib(reg.obj)' or at 'F:\Dropbox\Shu\Program\ThesisProgram\bin\Release\vc100.pdb'; linking object as if no debug info
     1>ipcMD_3.9.1.lib(resMod.obj) : warning LNK4099: PDB 'vc100.pdb' was not found with 'ipcMD_3.9.1.lib(resMod.obj)' or at 'F:\Dropbox\Shu\Program\ThesisProgram\bin\Release\vc100.pdb'; linking object as if no debug info
     1>ipcMD_3.9.1.lib(sendMsg.obj) : warning LNK4099: PDB 'vc100.pdb' was not found with 'ipcMD_3.9.1.lib(sendMsg.obj)' or at 'F:\Dropbox\Shu\Program\ThesisProgram\bin\Release\vc100.pdb'; linking object as if no debug info
     1>ipcMD_3.9.1.lib(strList.obj) : warning LNK4099: PDB 'vc100.pdb' was not found with 'ipcMD_3.9.1.lib(strList.obj)' or at 'F:\Dropbox\Shu\Program\ThesisProgram\bin\Release\vc100.pdb'; linking object as if no debug info
     1>ipcMD_3.9.1.lib(tcaMem.obj) : warning LNK4099: PDB 'vc100.pdb' was not found with 'ipcMD_3.9.1.lib(tcaMem.obj)' or at 'F:\Dropbox\Shu\Program\ThesisProgram\bin\Release\vc100.pdb'; linking object as if no debug info
     1>ipcMD_3.9.1.lib(tcaRef.obj) : warning LNK4099: PDB 'vc100.pdb' was not found with 'ipcMD_3.9.1.lib(tcaRef.obj)' or at 'F:\Dropbox\Shu\Program\ThesisProgram\bin\Release\vc100.pdb'; linking object as if no debug info
     1>ipcMD_3.9.1.lib(tcModError.obj) : warning LNK4099: PDB 'vc100.pdb' was not found with 'ipcMD_3.9.1.lib(tcModError.obj)' or at 'F:\Dropbox\Shu\Program\ThesisProgram\bin\Release\vc100.pdb'; linking object as if no debug info
     1>ipcMD_3.9.1.lib(timer.obj) : warning LNK4099: PDB 'vc100.pdb' was not found with 'ipcMD_3.9.1.lib(timer.obj)' or at 'F:\Dropbox\Shu\Program\ThesisProgram\bin\Release\vc100.pdb'; linking object as if no debug info
     1>ipcMD_3.9.1.lib(wsocksrt.obj) : warning LNK4099: PDB 'vc100.pdb' was not found with 'ipcMD_3.9.1.lib(wsocksrt.obj)' or at 'F:\Dropbox\Shu\Program\ThesisProgram\bin\Release\vc100.pdb'; linking object as if no debug info
         HAE_Recording.vcxproj -> F:\Dropbox\Shu\Program\ThesisProgram\\bin\Release\HAE_Recording.exe
       Manifest:
         C:\Program Files (x86)\Microsoft SDKs\Windows\v7.0A\bin\mt.exe /nologo /verbose /outputresource:"F:\Dropbox\Shu\Program\ThesisProgram\\bin\Release\HAE_Recording.exe;#1" /manifest Release\HAE_Recording.exe.intermediate.manifest
       FinalizeBuildStatus:
         Deleting file "Release\HAE_Recording.unsuccessfulbuild".
         Touching "Release\HAE_Recording.lastbuildstate".
     1>Done Building Project "F:\Dropbox\Shu\Program\ThesisProgram\HAE_Recording\HAE_Recording.vcxproj" (build target(s)).

Build succeeded.

Time Elapsed 00:00:05.64
