Build started 6/26/2014 6:20:46 PM.
     1>Project "D:\Dropbox\Shu\Program\ThesisProgram\BodyDirection\BodyDirection.vcxproj" on node 2 (build target(s)).
     1>InitializeBuildStatus:
         Creating "Debug\BodyDirection.unsuccessfulbuild" because "AlwaysCreate" was specified.
       ClCompile:
         D:\Program Files (x86)\Microsoft Visual Studio 10.0\VC\bin\CL.exe /c /ZI /nologo /W3 /WX- /Od /Oy- /D WIN32 /D _MBCS /Gm /EHsc /RTC1 /MDd /GS /fp:precise /Zc:wchar_t /Zc:forScope /Fo"Debug\\" /Fd"Debug\vc100.pdb" /Gd /TP /analyze- /errorReport:prompt Source\NiImageCaptor.cpp
         NiImageCaptor.cpp
       Link:
         D:\Program Files (x86)\Microsoft Visual Studio 10.0\VC\bin\link.exe /ERRORREPORT:PROMPT /OUT:"D:\Dropbox\Shu\Program\ThesisProgram\\bin\Debug\BodyDirection.exe" /NOLOGO wsock32.lib ipcMDd_3.9.1.lib NiTE2.lib OpenNI2.lib opencv_core245d.lib opencv_highgui245d.lib opencv_video245d.lib opencv_ml245d.lib opencv_legacy245d.lib opencv_imgproc245d.lib opencv_objdetect245d.lib opencv_calib3d245d.lib kernel32.lib user32.lib gdi32.lib winspool.lib comdlg32.lib advapi32.lib shell32.lib ole32.lib oleaut32.lib uuid.lib odbc32.lib odbccp32.lib /MANIFEST /ManifestFile:"Debug\BodyDirection.exe.intermediate.manifest" /MANIFESTUAC:"level='asInvoker' uiAccess='false'" /DEBUG /PDB:"D:\Dropbox\Shu\Program\ThesisProgram\bin\Debug\BodyDirection.pdb" /TLBID:1 /DYNAMICBASE /NXCOMPAT /IMPLIB:"D:\Dropbox\Shu\Program\ThesisProgram\\bin\Debug\BodyDirection.lib" /MACHINE:X86 Debug\IntComm.obj
         Debug\Thread.obj
         Debug\Client.obj
         Debug\main.obj
         Debug\BodyDirection.obj
         Debug\NiImageCaptor.obj
         LINK : D:\Dropbox\Shu\Program\ThesisProgram\\bin\Debug\BodyDirection.exe not found or not built by the last incremental link; performing full link
         BodyDirection.vcxproj -> D:\Dropbox\Shu\Program\ThesisProgram\\bin\Debug\BodyDirection.exe
       Manifest:
         C:\Program Files (x86)\Microsoft SDKs\Windows\v7.0A\bin\mt.exe /nologo /verbose /outputresource:"D:\Dropbox\Shu\Program\ThesisProgram\\bin\Debug\BodyDirection.exe;#1" /manifest Debug\BodyDirection.exe.intermediate.manifest
       FinalizeBuildStatus:
         Deleting file "Debug\BodyDirection.unsuccessfulbuild".
         Touching "Debug\BodyDirection.lastbuildstate".
     1>Done Building Project "D:\Dropbox\Shu\Program\ThesisProgram\BodyDirection\BodyDirection.vcxproj" (build target(s)).

Build succeeded.

Time Elapsed 00:00:02.17
