C:\USERS\ROBOT\DESKTOP\SHU\PERSONALIZATIONFORROBOTSERVICEPROVIDINGBEHAVIOR\BIN\DEBUG\SAM_INFERENCE.EXE
C:\USERS\ROBOT\DESKTOP\SHU\PERSONALIZATIONFORROBOTSERVICEPROVIDINGBEHAVIOR\BIN\DEBUG\SAM_INFERENCE.ILK
C:\USERS\ROBOT\DESKTOP\SHU\PERSONALIZATIONFORROBOTSERVICEPROVIDINGBEHAVIOR\BIN\DEBUG\SAM_INFERENCE.PDB
C:\Users\robot\Desktop\Shu\PersonalizationForRobotServiceProvidingBehavior\SAM_Inference\Debug\cl.command.1.tlog
C:\Users\robot\Desktop\Shu\PersonalizationForRobotServiceProvidingBehavior\SAM_Inference\Debug\CL.read.1.tlog
C:\Users\robot\Desktop\Shu\PersonalizationForRobotServiceProvidingBehavior\SAM_Inference\Debug\CL.write.1.tlog
C:\USERS\ROBOT\DESKTOP\SHU\PERSONALIZATIONFORROBOTSERVICEPROVIDINGBEHAVIOR\SAM_INFERENCE\DEBUG\CLIENT.OBJ
C:\USERS\ROBOT\DESKTOP\SHU\PERSONALIZATIONFORROBOTSERVICEPROVIDINGBEHAVIOR\SAM_INFERENCE\DEBUG\INTCOMM.OBJ
C:\Users\robot\Desktop\Shu\PersonalizationForRobotServiceProvidingBehavior\SAM_Inference\Debug\link.command.1.tlog
C:\Users\robot\Desktop\Shu\PersonalizationForRobotServiceProvidingBehavior\SAM_Inference\Debug\link.read.1.tlog
C:\Users\robot\Desktop\Shu\PersonalizationForRobotServiceProvidingBehavior\SAM_Inference\Debug\link.write.1.tlog
C:\USERS\ROBOT\DESKTOP\SHU\PERSONALIZATIONFORROBOTSERVICEPROVIDINGBEHAVIOR\SAM_INFERENCE\DEBUG\MAIN.OBJ
C:\Users\robot\Desktop\Shu\PersonalizationForRobotServiceProvidingBehavior\SAM_Inference\Debug\mt.command.1.tlog
C:\Users\robot\Desktop\Shu\PersonalizationForRobotServiceProvidingBehavior\SAM_Inference\Debug\mt.read.1.tlog
C:\Users\robot\Desktop\Shu\PersonalizationForRobotServiceProvidingBehavior\SAM_Inference\Debug\mt.write.1.tlog
C:\USERS\ROBOT\DESKTOP\SHU\PERSONALIZATIONFORROBOTSERVICEPROVIDINGBEHAVIOR\SAM_INFERENCE\DEBUG\SAM_INFERENCE.EXE.INTERMEDIATE.MANIFEST
C:\Users\robot\Desktop\Shu\PersonalizationForRobotServiceProvidingBehavior\SAM_Inference\Debug\SAM_Inference.write.1.tlog
C:\USERS\ROBOT\DESKTOP\SHU\PERSONALIZATIONFORROBOTSERVICEPROVIDINGBEHAVIOR\SAM_INFERENCE\DEBUG\SMILEINFERENCE.OBJ
C:\USERS\ROBOT\DESKTOP\SHU\PERSONALIZATIONFORROBOTSERVICEPROVIDINGBEHAVIOR\SAM_INFERENCE\DEBUG\THREAD.OBJ
C:\Users\robot\Desktop\Shu\PersonalizationForRobotServiceProvidingBehavior\SAM_Inference\Debug\vc100.idb
C:\USERS\ROBOT\DESKTOP\SHU\PERSONALIZATIONFORROBOTSERVICEPROVIDINGBEHAVIOR\SAM_INFERENCE\DEBUG\VC100.PDB
