D:\Dropbox\Shu\Program\ThesisProgram\bin\Debug\FaceDetection.exe
D:\Dropbox\Shu\Program\ThesisProgram\bin\Debug\FaceDetection.ilk
D:\Dropbox\Shu\Program\ThesisProgram\bin\Debug\FaceDetection.pdb
D:\Dropbox\Shu\Program\ThesisProgram\FaceDetection\Debug\cl.command.1.tlog
D:\Dropbox\Shu\Program\ThesisProgram\FaceDetection\Debug\CL.read.1.tlog
D:\Dropbox\Shu\Program\ThesisProgram\FaceDetection\Debug\CL.write.1.tlog
D:\Dropbox\Shu\Program\ThesisProgram\FaceDetection\Debug\Client.obj
D:\Dropbox\Shu\Program\ThesisProgram\FaceDetection\Debug\FaceDetection.exe.intermediate.manifest
D:\Dropbox\Shu\Program\ThesisProgram\FaceDetection\Debug\FaceDetection.obj
D:\Dropbox\Shu\Program\ThesisProgram\FaceDetection\Debug\FaceDetection.vcxprojResolveAssemblyReference.cache
D:\Dropbox\Shu\Program\ThesisProgram\FaceDetection\Debug\FaceDetection.write.1.tlog
D:\Dropbox\Shu\Program\ThesisProgram\FaceDetection\Debug\IntComm.obj
D:\Dropbox\Shu\Program\ThesisProgram\FaceDetection\Debug\link.9376.read.1.tlog
D:\Dropbox\Shu\Program\ThesisProgram\FaceDetection\Debug\link.9376.write.1.tlog
D:\Dropbox\Shu\Program\ThesisProgram\FaceDetection\Debug\link.command.1.tlog
D:\Dropbox\Shu\Program\ThesisProgram\FaceDetection\Debug\link.read.1.tlog
D:\Dropbox\Shu\Program\ThesisProgram\FaceDetection\Debug\link.write.1.tlog
D:\Dropbox\Shu\Program\ThesisProgram\FaceDetection\Debug\main.obj
D:\Dropbox\Shu\Program\ThesisProgram\FaceDetection\Debug\mt.command.1.tlog
D:\Dropbox\Shu\Program\ThesisProgram\FaceDetection\Debug\mt.read.1.tlog
D:\Dropbox\Shu\Program\ThesisProgram\FaceDetection\Debug\mt.write.1.tlog
D:\Dropbox\Shu\Program\ThesisProgram\FaceDetection\Debug\Thread.obj
D:\Dropbox\Shu\Program\ThesisProgram\FaceDetection\Debug\vc100.idb
D:\Dropbox\Shu\Program\ThesisProgram\FaceDetection\Debug\vc100.pdb
F:\DROPBOX\SHU\PROGRAM\THESISPROGRAM\BIN\DEBUG\FACEDETECTION.EXE
F:\DROPBOX\SHU\PROGRAM\THESISPROGRAM\BIN\DEBUG\FACEDETECTION.ILK
F:\DROPBOX\SHU\PROGRAM\THESISPROGRAM\BIN\DEBUG\FACEDETECTION.PDB
F:\DROPBOX\SHU\PROGRAM\THESISPROGRAM\FACEDETECTION\DEBUG\CLIENT.OBJ
F:\DROPBOX\SHU\PROGRAM\THESISPROGRAM\FACEDETECTION\DEBUG\FACEDETECTION.EXE.INTERMEDIATE.MANIFEST
F:\DROPBOX\SHU\PROGRAM\THESISPROGRAM\FACEDETECTION\DEBUG\FACEDETECTION.OBJ
F:\DROPBOX\SHU\PROGRAM\THESISPROGRAM\FACEDETECTION\DEBUG\INTCOMM.OBJ
F:\DROPBOX\SHU\PROGRAM\THESISPROGRAM\FACEDETECTION\DEBUG\MAIN.OBJ
F:\DROPBOX\SHU\PROGRAM\THESISPROGRAM\FACEDETECTION\DEBUG\THREAD.OBJ
F:\DROPBOX\SHU\PROGRAM\THESISPROGRAM\FACEDETECTION\DEBUG\VC100.PDB
