D:\Dropbox\Shu\Program\ThesisProgram\\bin\Debug\FaceDirection.exe
D:\Dropbox\Shu\Program\ThesisProgram\\bin\Debug\FaceDirection.ilk
D:\Dropbox\Shu\Program\ThesisProgram\\bin\Debug\FaceDirection.pdb
D:\DROPBOX\SHU\PROGRAM\THESISPROGRAM\BIN\DEBUG\FACEDIRECTION.EXE
D:\DROPBOX\SHU\PROGRAM\THESISPROGRAM\BIN\DEBUG\FACEDIRECTION.ILK
D:\DROPBOX\SHU\PROGRAM\THESISPROGRAM\BIN\DEBUG\FACEDIRECTION.PDB
D:\Dropbox\Shu\Program\ThesisProgram\FaceDirection\Debug\cl.command.1.tlog
D:\Dropbox\Shu\Program\ThesisProgram\FaceDirection\Debug\CL.read.1.tlog
D:\Dropbox\Shu\Program\ThesisProgram\FaceDirection\Debug\CL.write.1.tlog
D:\DROPBOX\SHU\PROGRAM\THESISPROGRAM\FACEDIRECTION\DEBUG\CLIENT.OBJ
D:\DROPBOX\SHU\PROGRAM\THESISPROGRAM\FACEDIRECTION\DEBUG\CLM.OBJ
D:\DROPBOX\SHU\PROGRAM\THESISPROGRAM\FACEDIRECTION\DEBUG\FACEDIRECTION.EXE.INTERMEDIATE.MANIFEST
D:\Dropbox\Shu\Program\ThesisProgram\FaceDirection\Debug\FaceDirection.write.1.tlog
D:\DROPBOX\SHU\PROGRAM\THESISPROGRAM\FACEDIRECTION\DEBUG\FCHECK.OBJ
D:\DROPBOX\SHU\PROGRAM\THESISPROGRAM\FACEDIRECTION\DEBUG\FDET.OBJ
D:\DROPBOX\SHU\PROGRAM\THESISPROGRAM\FACEDIRECTION\DEBUG\HEADPOSE.OBJ
D:\DROPBOX\SHU\PROGRAM\THESISPROGRAM\FACEDIRECTION\DEBUG\INTCOMM.OBJ
D:\DROPBOX\SHU\PROGRAM\THESISPROGRAM\FACEDIRECTION\DEBUG\IO.OBJ
D:\Dropbox\Shu\Program\ThesisProgram\FaceDirection\Debug\link.command.1.tlog
D:\Dropbox\Shu\Program\ThesisProgram\FaceDirection\Debug\link.read.1.tlog
D:\Dropbox\Shu\Program\ThesisProgram\FaceDirection\Debug\link.write.1.tlog
D:\DROPBOX\SHU\PROGRAM\THESISPROGRAM\FACEDIRECTION\DEBUG\MAIN.OBJ
D:\Dropbox\Shu\Program\ThesisProgram\FaceDirection\Debug\mt.command.1.tlog
D:\Dropbox\Shu\Program\ThesisProgram\FaceDirection\Debug\mt.read.1.tlog
D:\Dropbox\Shu\Program\ThesisProgram\FaceDirection\Debug\mt.write.1.tlog
D:\DROPBOX\SHU\PROGRAM\THESISPROGRAM\FACEDIRECTION\DEBUG\PATCH.OBJ
D:\DROPBOX\SHU\PROGRAM\THESISPROGRAM\FACEDIRECTION\DEBUG\PAW.OBJ
D:\DROPBOX\SHU\PROGRAM\THESISPROGRAM\FACEDIRECTION\DEBUG\PDM.OBJ
D:\DROPBOX\SHU\PROGRAM\THESISPROGRAM\FACEDIRECTION\DEBUG\THREAD.OBJ
D:\DROPBOX\SHU\PROGRAM\THESISPROGRAM\FACEDIRECTION\DEBUG\TRACKER.OBJ
D:\Dropbox\Shu\Program\ThesisProgram\FaceDirection\Debug\vc100.idb
D:\DROPBOX\SHU\PROGRAM\THESISPROGRAM\FACEDIRECTION\DEBUG\VC100.PDB
F:\DROPBOX\SHU\PROGRAM\THESISPROGRAM\BIN\DEBUG\FACEDIRECTION.EXE
F:\DROPBOX\SHU\PROGRAM\THESISPROGRAM\BIN\DEBUG\FACEDIRECTION.ILK
F:\DROPBOX\SHU\PROGRAM\THESISPROGRAM\BIN\DEBUG\FACEDIRECTION.PDB
F:\DROPBOX\SHU\PROGRAM\THESISPROGRAM\FACEDIRECTION\DEBUG\CLIENT.OBJ
F:\DROPBOX\SHU\PROGRAM\THESISPROGRAM\FACEDIRECTION\DEBUG\CLM.OBJ
F:\DROPBOX\SHU\PROGRAM\THESISPROGRAM\FACEDIRECTION\DEBUG\FACEDIRECTION.EXE.INTERMEDIATE.MANIFEST
F:\DROPBOX\SHU\PROGRAM\THESISPROGRAM\FACEDIRECTION\DEBUG\FCHECK.OBJ
F:\DROPBOX\SHU\PROGRAM\THESISPROGRAM\FACEDIRECTION\DEBUG\FDET.OBJ
F:\DROPBOX\SHU\PROGRAM\THESISPROGRAM\FACEDIRECTION\DEBUG\HEADPOSE.OBJ
F:\DROPBOX\SHU\PROGRAM\THESISPROGRAM\FACEDIRECTION\DEBUG\INTCOMM.OBJ
F:\DROPBOX\SHU\PROGRAM\THESISPROGRAM\FACEDIRECTION\DEBUG\IO.OBJ
F:\DROPBOX\SHU\PROGRAM\THESISPROGRAM\FACEDIRECTION\DEBUG\MAIN.OBJ
F:\DROPBOX\SHU\PROGRAM\THESISPROGRAM\FACEDIRECTION\DEBUG\PATCH.OBJ
F:\DROPBOX\SHU\PROGRAM\THESISPROGRAM\FACEDIRECTION\DEBUG\PAW.OBJ
F:\DROPBOX\SHU\PROGRAM\THESISPROGRAM\FACEDIRECTION\DEBUG\PDM.OBJ
F:\DROPBOX\SHU\PROGRAM\THESISPROGRAM\FACEDIRECTION\DEBUG\THREAD.OBJ
F:\DROPBOX\SHU\PROGRAM\THESISPROGRAM\FACEDIRECTION\DEBUG\TRACKER.OBJ
F:\DROPBOX\SHU\PROGRAM\THESISPROGRAM\FACEDIRECTION\DEBUG\VC100.PDB
