Build started 2014/5/17 上午 12:06:27.
     1>Project "F:\Dropbox\Shu\Program\ThesisProgram\FaceDirection\FaceDirection.vcxproj" on node 2 (build target(s)).
     1>InitializeBuildStatus:
         Creating "Release\FaceDirection.unsuccessfulbuild" because "AlwaysCreate" was specified.
       ClCompile:
         c:\Program Files (x86)\Microsoft Visual Studio 10.0\VC\bin\CL.exe /c /Zi /nologo /W3 /WX- /O2 /Oi /Oy- /GL /D WIN32 /D _MBCS /Gm- /EHsc /MD /GS /Gy /fp:precise /Zc:wchar_t /Zc:forScope /Fo"Release\\" /Fd"Release\vc100.pdb" /Gd /TP /analyze- /errorReport:prompt ..\includes\IPCserver\IntComm.cpp ..\includes\Thread\Thread.cpp IPCserver\Client.cpp main.cpp
         IntComm.cpp
     1>f:\dropbox\shu\program\thesisprogram\includes\ipcserver\Messages.hpp(154): warning C4996: 'sprintf': This function or variable may be unsafe. Consider using sprintf_s instead. To disable deprecation, use _CRT_SECURE_NO_WARNINGS. See online help for details.
                 c:\Program Files (x86)\Microsoft Visual Studio 10.0\VC\include\stdio.h(371) : see declaration of 'sprintf'
     1>..\includes\IPCserver\IntComm.cpp(351): warning C4996: 'sprintf': This function or variable may be unsafe. Consider using sprintf_s instead. To disable deprecation, use _CRT_SECURE_NO_WARNINGS. See online help for details.
                 c:\Program Files (x86)\Microsoft Visual Studio 10.0\VC\include\stdio.h(371) : see declaration of 'sprintf'
         Thread.cpp
         Client.cpp
     1>f:\dropbox\shu\program\thesisprogram\includes\ipcserver\Messages.hpp(154): warning C4996: 'sprintf': This function or variable may be unsafe. Consider using sprintf_s instead. To disable deprecation, use _CRT_SECURE_NO_WARNINGS. See online help for details.
                 c:\Program Files (x86)\Microsoft Visual Studio 10.0\VC\include\stdio.h(371) : see declaration of 'sprintf'
         main.cpp
     1>e:\program files (green)\opencv_2_4_9\build\include\opencv2\flann\dist.h : warning C4819: The file contains a character that cannot be represented in the current code page (950). Save the file in Unicode format to prevent data loss
     1>e:\program files (green)\opencv_2_4_9\build\include\opencv2\flann\dist.h : warning C4819: The file contains a character that cannot be represented in the current code page (950). Save the file in Unicode format to prevent data loss
     1>e:\program files (green)\opencv_2_4_9\build\include\opencv2\flann\logger.h(66): warning C4996: 'fopen': This function or variable may be unsafe. Consider using fopen_s instead. To disable deprecation, use _CRT_SECURE_NO_WARNINGS. See online help for details.
                 c:\Program Files (x86)\Microsoft Visual Studio 10.0\VC\include\stdio.h(234) : see declaration of 'fopen'
     1>e:\program files (green)\opencv_2_4_9\build\include\opencv2\flann\dist.h : warning C4819: The file contains a character that cannot be represented in the current code page (950). Save the file in Unicode format to prevent data loss
     1>e:\program files (green)\opencv_2_4_9\build\include\opencv2\flann\dist.h : warning C4819: The file contains a character that cannot be represented in the current code page (950). Save the file in Unicode format to prevent data loss
     1>E:\Program Files (green)\OpenCV_2_4_9\build\include\opencv2/legacy/compat.hpp : warning C4819: The file contains a character that cannot be represented in the current code page (950). Save the file in Unicode format to prevent data loss
     1>f:\dropbox\shu\program\thesisprogram\includes\ipcserver\Messages.hpp(154): warning C4996: 'sprintf': This function or variable may be unsafe. Consider using sprintf_s instead. To disable deprecation, use _CRT_SECURE_NO_WARNINGS. See online help for details.
                 c:\Program Files (x86)\Microsoft Visual Studio 10.0\VC\include\stdio.h(371) : see declaration of 'sprintf'
     1>main.cpp(269): warning C4244: 'argument' : conversion from 'double' to 'int', possible loss of data
     1>main.cpp(269): warning C4244: 'argument' : conversion from 'double' to 'int', possible loss of data
     1>main.cpp(300): warning C4244: 'argument' : conversion from 'float' to 'int', possible loss of data
     1>main.cpp(300): warning C4244: 'argument' : conversion from 'float' to 'int', possible loss of data
     1>main.cpp(347): warning C4996: 'sprintf': This function or variable may be unsafe. Consider using sprintf_s instead. To disable deprecation, use _CRT_SECURE_NO_WARNINGS. See online help for details.
                 c:\Program Files (x86)\Microsoft Visual Studio 10.0\VC\include\stdio.h(371) : see declaration of 'sprintf'
     1>main.cpp(422): warning C4996: 'strcpy': This function or variable may be unsafe. Consider using strcpy_s instead. To disable deprecation, use _CRT_SECURE_NO_WARNINGS. See online help for details.
                 c:\Program Files (x86)\Microsoft Visual Studio 10.0\VC\include\string.h(105) : see declaration of 'strcpy'
     1>main.cpp(423): warning C4996: 'strcpy': This function or variable may be unsafe. Consider using strcpy_s instead. To disable deprecation, use _CRT_SECURE_NO_WARNINGS. See online help for details.
                 c:\Program Files (x86)\Microsoft Visual Studio 10.0\VC\include\string.h(105) : see declaration of 'strcpy'
     1>main.cpp(427): warning C4996: 'strcpy': This function or variable may be unsafe. Consider using strcpy_s instead. To disable deprecation, use _CRT_SECURE_NO_WARNINGS. See online help for details.
                 c:\Program Files (x86)\Microsoft Visual Studio 10.0\VC\include\string.h(105) : see declaration of 'strcpy'
     1>main.cpp(430): warning C4996: 'strcpy': This function or variable may be unsafe. Consider using strcpy_s instead. To disable deprecation, use _CRT_SECURE_NO_WARNINGS. See online help for details.
                 c:\Program Files (x86)\Microsoft Visual Studio 10.0\VC\include\string.h(105) : see declaration of 'strcpy'
     1>main.cpp(431): warning C4996: 'strcpy': This function or variable may be unsafe. Consider using strcpy_s instead. To disable deprecation, use _CRT_SECURE_NO_WARNINGS. See online help for details.
                 c:\Program Files (x86)\Microsoft Visual Studio 10.0\VC\include\string.h(105) : see declaration of 'strcpy'
     1>main.cpp(435): warning C4996: 'strcpy': This function or variable may be unsafe. Consider using strcpy_s instead. To disable deprecation, use _CRT_SECURE_NO_WARNINGS. See online help for details.
                 c:\Program Files (x86)\Microsoft Visual Studio 10.0\VC\include\string.h(105) : see declaration of 'strcpy'
     1>main.cpp(438): warning C4996: 'strcpy': This function or variable may be unsafe. Consider using strcpy_s instead. To disable deprecation, use _CRT_SECURE_NO_WARNINGS. See online help for details.
                 c:\Program Files (x86)\Microsoft Visual Studio 10.0\VC\include\string.h(105) : see declaration of 'strcpy'
     1>main.cpp(439): warning C4996: 'strcpy': This function or variable may be unsafe. Consider using strcpy_s instead. To disable deprecation, use _CRT_SECURE_NO_WARNINGS. See online help for details.
                 c:\Program Files (x86)\Microsoft Visual Studio 10.0\VC\include\string.h(105) : see declaration of 'strcpy'
     1>main.cpp(443): warning C4996: 'strcpy': This function or variable may be unsafe. Consider using strcpy_s instead. To disable deprecation, use _CRT_SECURE_NO_WARNINGS. See online help for details.
                 c:\Program Files (x86)\Microsoft Visual Studio 10.0\VC\include\string.h(105) : see declaration of 'strcpy'
     1>main.cpp(458): warning C4244: 'argument' : conversion from 'double' to 'float', possible loss of data
     1>main.cpp(458): warning C4244: 'argument' : conversion from 'double' to 'float', possible loss of data
     1>main.cpp(463): warning C4244: 'argument' : conversion from 'double' to 'float', possible loss of data
     1>main.cpp(463): warning C4244: 'argument' : conversion from 'double' to 'float', possible loss of data
     1>main.cpp(468): warning C4244: 'argument' : conversion from 'double' to 'float', possible loss of data
     1>main.cpp(468): warning C4244: 'argument' : conversion from 'double' to 'float', possible loss of data
     1>main.cpp(473): warning C4244: 'argument' : conversion from 'double' to 'float', possible loss of data
     1>main.cpp(473): warning C4244: 'argument' : conversion from 'double' to 'float', possible loss of data
     1>main.cpp(478): warning C4244: 'argument' : conversion from 'double' to 'float', possible loss of data
     1>main.cpp(478): warning C4244: 'argument' : conversion from 'double' to 'float', possible loss of data
     1>main.cpp(483): warning C4244: 'argument' : conversion from 'double' to 'float', possible loss of data
     1>main.cpp(483): warning C4244: 'argument' : conversion from 'double' to 'float', possible loss of data
     1>main.cpp(488): warning C4244: 'argument' : conversion from 'double' to 'float', possible loss of data
     1>main.cpp(488): warning C4244: 'argument' : conversion from 'double' to 'float', possible loss of data
     1>main.cpp(451): warning C4101: 'i' : unreferenced local variable
       Link:
         c:\Program Files (x86)\Microsoft Visual Studio 10.0\VC\bin\link.exe /ERRORREPORT:PROMPT /OUT:"F:\Dropbox\Shu\Program\ThesisProgram\\bin\Release\FaceDirection.exe" /NOLOGO wsock32.lib ipcMD_3.9.1.lib OpenNI2.lib opencv_core249.lib opencv_highgui249.lib opencv_video249.lib opencv_ml249.lib opencv_legacy249.lib opencv_imgproc249.lib opencv_objdetect249.lib opencv_calib3d249.lib opencv_core245.lib opencv_highgui245.lib opencv_video245.lib opencv_ml245.lib opencv_legacy245.lib opencv_imgproc245.lib opencv_objdetect245.lib opencv_calib3d245.lib kernel32.lib user32.lib gdi32.lib winspool.lib comdlg32.lib advapi32.lib shell32.lib ole32.lib oleaut32.lib uuid.lib odbc32.lib odbccp32.lib /MANIFEST /ManifestFile:"Release\FaceDirection.exe.intermediate.manifest" /MANIFESTUAC:"level='asInvoker' uiAccess='false'" /DEBUG /PDB:"F:\Dropbox\Shu\Program\ThesisProgram\bin\Release\FaceDirection.pdb" /OPT:REF /OPT:ICF /LTCG /TLBID:1 /DYNAMICBASE /NXCOMPAT /IMPLIB:"F:\Dropbox\Shu\Program\ThesisProgram\\bin\Release\FaceDirection.lib" /MACHINE:X86 Release\CLM.obj
         Release\FCheck.obj
         Release\FDet.obj
         Release\HeadPose.obj
         Release\IO.obj
         Release\Patch.obj
         Release\PAW.obj
         Release\PDM.obj
         Release\Tracker.obj
         Release\IntComm.obj
         Release\Thread.obj
         Release\Client.obj
         Release\main.obj
         Generating code
         Finished generating code
     1>ipcMD_3.9.1.lib(behaviors.obj) : warning LNK4099: PDB 'vc100.pdb' was not found with 'ipcMD_3.9.1.lib(behaviors.obj)' or at 'F:\Dropbox\Shu\Program\ThesisProgram\bin\Release\vc100.pdb'; linking object as if no debug info
     1>ipcMD_3.9.1.lib(com.obj) : warning LNK4099: PDB 'vc100.pdb' was not found with 'ipcMD_3.9.1.lib(com.obj)' or at 'F:\Dropbox\Shu\Program\ThesisProgram\bin\Release\vc100.pdb'; linking object as if no debug info
     1>ipcMD_3.9.1.lib(comModule.obj) : warning LNK4099: PDB 'vc100.pdb' was not found with 'ipcMD_3.9.1.lib(comModule.obj)' or at 'F:\Dropbox\Shu\Program\ThesisProgram\bin\Release\vc100.pdb'; linking object as if no debug info
     1>ipcMD_3.9.1.lib(datamsg.obj) : warning LNK4099: PDB 'vc100.pdb' was not found with 'ipcMD_3.9.1.lib(datamsg.obj)' or at 'F:\Dropbox\Shu\Program\ThesisProgram\bin\Release\vc100.pdb'; linking object as if no debug info
     1>ipcMD_3.9.1.lib(formatters.obj) : warning LNK4099: PDB 'vc100.pdb' was not found with 'ipcMD_3.9.1.lib(formatters.obj)' or at 'F:\Dropbox\Shu\Program\ThesisProgram\bin\Release\vc100.pdb'; linking object as if no debug info
     1>ipcMD_3.9.1.lib(globalM.obj) : warning LNK4099: PDB 'vc100.pdb' was not found with 'ipcMD_3.9.1.lib(globalM.obj)' or at 'F:\Dropbox\Shu\Program\ThesisProgram\bin\Release\vc100.pdb'; linking object as if no debug info
     1>ipcMD_3.9.1.lib(globalMUtil.obj) : warning LNK4099: PDB 'vc100.pdb' was not found with 'ipcMD_3.9.1.lib(globalMUtil.obj)' or at 'F:\Dropbox\Shu\Program\ThesisProgram\bin\Release\vc100.pdb'; linking object as if no debug info
     1>ipcMD_3.9.1.lib(hash.obj) : warning LNK4099: PDB 'vc100.pdb' was not found with 'ipcMD_3.9.1.lib(hash.obj)' or at 'F:\Dropbox\Shu\Program\ThesisProgram\bin\Release\vc100.pdb'; linking object as if no debug info
     1>ipcMD_3.9.1.lib(idtable.obj) : warning LNK4099: PDB 'vc100.pdb' was not found with 'ipcMD_3.9.1.lib(idtable.obj)' or at 'F:\Dropbox\Shu\Program\ThesisProgram\bin\Release\vc100.pdb'; linking object as if no debug info
     1>ipcMD_3.9.1.lib(ipc.obj) : warning LNK4099: PDB 'vc100.pdb' was not found with 'ipcMD_3.9.1.lib(ipc.obj)' or at 'F:\Dropbox\Shu\Program\ThesisProgram\bin\Release\vc100.pdb'; linking object as if no debug info
     1>ipcMD_3.9.1.lib(key.obj) : warning LNK4099: PDB 'vc100.pdb' was not found with 'ipcMD_3.9.1.lib(key.obj)' or at 'F:\Dropbox\Shu\Program\ThesisProgram\bin\Release\vc100.pdb'; linking object as if no debug info
     1>ipcMD_3.9.1.lib(lex.obj) : warning LNK4099: PDB 'vc100.pdb' was not found with 'ipcMD_3.9.1.lib(lex.obj)' or at 'F:\Dropbox\Shu\Program\ThesisProgram\bin\Release\vc100.pdb'; linking object as if no debug info
     1>ipcMD_3.9.1.lib(list.obj) : warning LNK4099: PDB 'vc100.pdb' was not found with 'ipcMD_3.9.1.lib(list.obj)' or at 'F:\Dropbox\Shu\Program\ThesisProgram\bin\Release\vc100.pdb'; linking object as if no debug info
     1>ipcMD_3.9.1.lib(marshall.obj) : warning LNK4099: PDB 'vc100.pdb' was not found with 'ipcMD_3.9.1.lib(marshall.obj)' or at 'F:\Dropbox\Shu\Program\ThesisProgram\bin\Release\vc100.pdb'; linking object as if no debug info
     1>ipcMD_3.9.1.lib(modVar.obj) : warning LNK4099: PDB 'vc100.pdb' was not found with 'ipcMD_3.9.1.lib(modVar.obj)' or at 'F:\Dropbox\Shu\Program\ThesisProgram\bin\Release\vc100.pdb'; linking object as if no debug info
     1>ipcMD_3.9.1.lib(parseFmttrs.obj) : warning LNK4099: PDB 'vc100.pdb' was not found with 'ipcMD_3.9.1.lib(parseFmttrs.obj)' or at 'F:\Dropbox\Shu\Program\ThesisProgram\bin\Release\vc100.pdb'; linking object as if no debug info
     1>ipcMD_3.9.1.lib(primFmttrs.obj) : warning LNK4099: PDB 'vc100.pdb' was not found with 'ipcMD_3.9.1.lib(primFmttrs.obj)' or at 'F:\Dropbox\Shu\Program\ThesisProgram\bin\Release\vc100.pdb'; linking object as if no debug info
     1>ipcMD_3.9.1.lib(printData.obj) : warning LNK4099: PDB 'vc100.pdb' was not found with 'ipcMD_3.9.1.lib(printData.obj)' or at 'F:\Dropbox\Shu\Program\ThesisProgram\bin\Release\vc100.pdb'; linking object as if no debug info
     1>ipcMD_3.9.1.lib(queryResponse.obj) : warning LNK4099: PDB 'vc100.pdb' was not found with 'ipcMD_3.9.1.lib(queryResponse.obj)' or at 'F:\Dropbox\Shu\Program\ThesisProgram\bin\Release\vc100.pdb'; linking object as if no debug info
     1>ipcMD_3.9.1.lib(reg.obj) : warning LNK4099: PDB 'vc100.pdb' was not found with 'ipcMD_3.9.1.lib(reg.obj)' or at 'F:\Dropbox\Shu\Program\ThesisProgram\bin\Release\vc100.pdb'; linking object as if no debug info
     1>ipcMD_3.9.1.lib(resMod.obj) : warning LNK4099: PDB 'vc100.pdb' was not found with 'ipcMD_3.9.1.lib(resMod.obj)' or at 'F:\Dropbox\Shu\Program\ThesisProgram\bin\Release\vc100.pdb'; linking object as if no debug info
     1>ipcMD_3.9.1.lib(sendMsg.obj) : warning LNK4099: PDB 'vc100.pdb' was not found with 'ipcMD_3.9.1.lib(sendMsg.obj)' or at 'F:\Dropbox\Shu\Program\ThesisProgram\bin\Release\vc100.pdb'; linking object as if no debug info
     1>ipcMD_3.9.1.lib(strList.obj) : warning LNK4099: PDB 'vc100.pdb' was not found with 'ipcMD_3.9.1.lib(strList.obj)' or at 'F:\Dropbox\Shu\Program\ThesisProgram\bin\Release\vc100.pdb'; linking object as if no debug info
     1>ipcMD_3.9.1.lib(tcaMem.obj) : warning LNK4099: PDB 'vc100.pdb' was not found with 'ipcMD_3.9.1.lib(tcaMem.obj)' or at 'F:\Dropbox\Shu\Program\ThesisProgram\bin\Release\vc100.pdb'; linking object as if no debug info
     1>ipcMD_3.9.1.lib(tcaRef.obj) : warning LNK4099: PDB 'vc100.pdb' was not found with 'ipcMD_3.9.1.lib(tcaRef.obj)' or at 'F:\Dropbox\Shu\Program\ThesisProgram\bin\Release\vc100.pdb'; linking object as if no debug info
     1>ipcMD_3.9.1.lib(tcModError.obj) : warning LNK4099: PDB 'vc100.pdb' was not found with 'ipcMD_3.9.1.lib(tcModError.obj)' or at 'F:\Dropbox\Shu\Program\ThesisProgram\bin\Release\vc100.pdb'; linking object as if no debug info
     1>ipcMD_3.9.1.lib(timer.obj) : warning LNK4099: PDB 'vc100.pdb' was not found with 'ipcMD_3.9.1.lib(timer.obj)' or at 'F:\Dropbox\Shu\Program\ThesisProgram\bin\Release\vc100.pdb'; linking object as if no debug info
     1>ipcMD_3.9.1.lib(wsocksrt.obj) : warning LNK4099: PDB 'vc100.pdb' was not found with 'ipcMD_3.9.1.lib(wsocksrt.obj)' or at 'F:\Dropbox\Shu\Program\ThesisProgram\bin\Release\vc100.pdb'; linking object as if no debug info
         FaceDirection.vcxproj -> F:\Dropbox\Shu\Program\ThesisProgram\\bin\Release\FaceDirection.exe
       Manifest:
         C:\Program Files (x86)\Microsoft SDKs\Windows\v7.0A\bin\mt.exe /nologo /verbose /outputresource:"F:\Dropbox\Shu\Program\ThesisProgram\\bin\Release\FaceDirection.exe;#1" /manifest Release\FaceDirection.exe.intermediate.manifest
       FinalizeBuildStatus:
         Deleting file "Release\FaceDirection.unsuccessfulbuild".
         Touching "Release\FaceDirection.lastbuildstate".
     1>Done Building Project "F:\Dropbox\Shu\Program\ThesisProgram\FaceDirection\FaceDirection.vcxproj" (build target(s)).

Build succeeded.

Time Elapsed 00:00:14.23
