Build started 2014/5/29 上午 11:40:37.
     1>Project "F:\Dropbox\Shu\Program\ThesisProgram\HAE_Annotating\HAE_Annotating.vcxproj" on node 2 (build target(s)).
     1>InitializeBuildStatus:
         Creating "Release\HAE_Annotating.unsuccessfulbuild" because "AlwaysCreate" was specified.
       ClCompile:
         c:\Program Files (x86)\Microsoft Visual Studio 10.0\VC\bin\CL.exe /c /Zi /nologo /W3 /WX- /O2 /Oi /Oy- /GL /D NDEBUG /D _SECURE_SCL=0 /D _MBCS /Gm- /EHsc /MD /GS /Gy /fp:precise /Zc:wchar_t /Zc:forScope /Fo"Release\\" /Fd"Release\vc100.pdb" /Gd /TP /analyze- /errorReport:prompt main.cpp
         main.cpp
     1>main.cpp(149): warning C4996: 'getch': The POSIX name for this item is deprecated. Instead, use the ISO C++ conformant name: _getch. See online help for details.
                 c:\Program Files (x86)\Microsoft Visual Studio 10.0\VC\include\conio.h(128) : see declaration of 'getch'
       Link:
         c:\Program Files (x86)\Microsoft Visual Studio 10.0\VC\bin\link.exe /ERRORREPORT:PROMPT /OUT:"F:\Dropbox\Shu\Program\ThesisProgram\\bin\Release\HAE_Annotating.exe" /NOLOGO opencv_core245.lib opencv_highgui245.lib opencv_video245.lib opencv_ml245.lib opencv_legacy245.lib opencv_imgproc245.lib opencv_objdetect245.lib opencv_calib3d245.lib kernel32.lib user32.lib gdi32.lib winspool.lib comdlg32.lib advapi32.lib shell32.lib ole32.lib oleaut32.lib uuid.lib odbc32.lib odbccp32.lib /MANIFEST /ManifestFile:"Release\HAE_Annotating.exe.intermediate.manifest" /MANIFESTUAC:"level='asInvoker' uiAccess='false'" /DEBUG /PDB:"F:\Dropbox\Shu\Program\ThesisProgram\bin\Release\HAE_Annotating.pdb" /OPT:REF /OPT:ICF /LTCG /TLBID:1 /DYNAMICBASE /NXCOMPAT /IMPLIB:"F:\Dropbox\Shu\Program\ThesisProgram\\bin\Release\HAE_Annotating.lib" /MACHINE:X86 Release\SmileInference.obj
         Release\main.obj
         Generating code
         Finished generating code
         HAE_Annotating.vcxproj -> F:\Dropbox\Shu\Program\ThesisProgram\\bin\Release\HAE_Annotating.exe
       Manifest:
         C:\Program Files (x86)\Microsoft SDKs\Windows\v7.0A\bin\mt.exe /nologo /verbose /outputresource:"F:\Dropbox\Shu\Program\ThesisProgram\\bin\Release\HAE_Annotating.exe;#1" /manifest Release\HAE_Annotating.exe.intermediate.manifest
       FinalizeBuildStatus:
         Deleting file "Release\HAE_Annotating.unsuccessfulbuild".
         Touching "Release\HAE_Annotating.lastbuildstate".
     1>Done Building Project "F:\Dropbox\Shu\Program\ThesisProgram\HAE_Annotating\HAE_Annotating.vcxproj" (build target(s)).

Build succeeded.

Time Elapsed 00:00:03.36
