Build started 7/8/2014 5:12:10 PM.
     1>Project "D:\Dropbox\Shu\Program\Github\PersonalizationForRobotServiceProvidingBehavior\HAE_Recording\HAE_Recording.vcxproj" on node 2 (build target(s)).
     1>InitializeBuildStatus:
         Creating "Debug\HAE_Recording.unsuccessfulbuild" because "AlwaysCreate" was specified.
       ClCompile:
         D:\Program Files (x86)\Microsoft Visual Studio 10.0\VC\bin\CL.exe /c /ZI /nologo /W3 /WX- /Od /Oy- /D WIN32 /D _MBCS /Gm /EHsc /RTC1 /MDd /GS /fp:precise /Zc:wchar_t /Zc:forScope /Fo"Debug\\" /Fd"Debug\vc100.pdb" /Gd /TP /analyze- /errorReport:prompt ..\includes\IPCserver\IntComm.cpp IPCserver\Client.cpp main.cpp
         main.cpp
     1>d:\dropbox\shu\program\github\personalizationforrobotserviceprovidingbehavior\includes\ipcserver\messages.hpp(154): warning C4996: 'sprintf': This function or variable may be unsafe. Consider using sprintf_s instead. To disable deprecation, use _CRT_SECURE_NO_WARNINGS. See online help for details.
                 d:\program files (x86)\microsoft visual studio 10.0\vc\include\stdio.h(371) : see declaration of 'sprintf'
     1>d:\dropbox\shu\program\github\personalizationforrobotserviceprovidingbehavior\hae_recording\main.cpp(59): warning C4996: 'kbhit': The POSIX name for this item is deprecated. Instead, use the ISO C++ conformant name: _kbhit. See online help for details.
                 d:\program files (x86)\microsoft visual studio 10.0\vc\include\conio.h(130) : see declaration of 'kbhit'
     1>d:\dropbox\shu\program\github\personalizationforrobotserviceprovidingbehavior\hae_recording\main.cpp(60): warning C4996: 'getch': The POSIX name for this item is deprecated. Instead, use the ISO C++ conformant name: _getch. See online help for details.
                 d:\program files (x86)\microsoft visual studio 10.0\vc\include\conio.h(128) : see declaration of 'getch'
         Client.cpp
     1>d:\dropbox\shu\program\github\personalizationforrobotserviceprovidingbehavior\includes\ipcserver\messages.hpp(154): warning C4996: 'sprintf': This function or variable may be unsafe. Consider using sprintf_s instead. To disable deprecation, use _CRT_SECURE_NO_WARNINGS. See online help for details.
                 d:\program files (x86)\microsoft visual studio 10.0\vc\include\stdio.h(371) : see declaration of 'sprintf'
         IntComm.cpp
     1>d:\dropbox\shu\program\github\personalizationforrobotserviceprovidingbehavior\includes\ipcserver\messages.hpp(154): warning C4996: 'sprintf': This function or variable may be unsafe. Consider using sprintf_s instead. To disable deprecation, use _CRT_SECURE_NO_WARNINGS. See online help for details.
                 d:\program files (x86)\microsoft visual studio 10.0\vc\include\stdio.h(371) : see declaration of 'sprintf'
     1>d:\dropbox\shu\program\github\personalizationforrobotserviceprovidingbehavior\includes\ipcserver\intcomm.cpp(356): warning C4996: 'sprintf': This function or variable may be unsafe. Consider using sprintf_s instead. To disable deprecation, use _CRT_SECURE_NO_WARNINGS. See online help for details.
                 d:\program files (x86)\microsoft visual studio 10.0\vc\include\stdio.h(371) : see declaration of 'sprintf'
         Generating Code...
       Link:
         D:\Program Files (x86)\Microsoft Visual Studio 10.0\VC\bin\link.exe /ERRORREPORT:PROMPT /OUT:"D:\Dropbox\Shu\Program\Github\PersonalizationForRobotServiceProvidingBehavior\\bin\Debug\HAE_Recording.exe" /NOLOGO wsock32.lib ipcMDd_3.9.1.lib kernel32.lib user32.lib gdi32.lib winspool.lib comdlg32.lib advapi32.lib shell32.lib ole32.lib oleaut32.lib uuid.lib odbc32.lib odbccp32.lib /MANIFEST /ManifestFile:"Debug\HAE_Recording.exe.intermediate.manifest" /MANIFESTUAC:"level='asInvoker' uiAccess='false'" /DEBUG /PDB:"D:\Dropbox\Shu\Program\Github\PersonalizationForRobotServiceProvidingBehavior\bin\Debug\HAE_Recording.pdb" /TLBID:1 /DYNAMICBASE /NXCOMPAT /IMPLIB:"D:\Dropbox\Shu\Program\Github\PersonalizationForRobotServiceProvidingBehavior\\bin\Debug\HAE_Recording.lib" /MACHINE:X86 Debug\IntComm.obj
         Debug\Thread.obj
         Debug\Client.obj
         Debug\main.obj
         LINK : D:\Dropbox\Shu\Program\Github\PersonalizationForRobotServiceProvidingBehavior\\bin\Debug\HAE_Recording.exe not found or not built by the last incremental link; performing full link
         HAE_Recording.vcxproj -> D:\Dropbox\Shu\Program\Github\PersonalizationForRobotServiceProvidingBehavior\\bin\Debug\HAE_Recording.exe
       Manifest:
         C:\Program Files (x86)\Microsoft SDKs\Windows\v7.0A\bin\mt.exe /nologo /verbose /outputresource:"D:\Dropbox\Shu\Program\Github\PersonalizationForRobotServiceProvidingBehavior\\bin\Debug\HAE_Recording.exe;#1" /manifest Debug\HAE_Recording.exe.intermediate.manifest
       FinalizeBuildStatus:
         Deleting file "Debug\HAE_Recording.unsuccessfulbuild".
         Touching "Debug\HAE_Recording.lastbuildstate".
     1>Done Building Project "D:\Dropbox\Shu\Program\Github\PersonalizationForRobotServiceProvidingBehavior\HAE_Recording\HAE_Recording.vcxproj" (build target(s)).

Build succeeded.

Time Elapsed 00:00:01.84
