D:\DROPBOX\SHU\PROGRAM\GITHUB\PERSONALIZATIONFORROBOTSERVICEPROVIDINGBEHAVIOR\BIN\DEBUG\DEMO_TAROS_EVENTTRIGGER.EXE
D:\DROPBOX\SHU\PROGRAM\GITHUB\PERSONALIZATIONFORROBOTSERVICEPROVIDINGBEHAVIOR\BIN\DEBUG\DEMO_TAROS_EVENTTRIGGER.ILK
D:\DROPBOX\SHU\PROGRAM\GITHUB\PERSONALIZATIONFORROBOTSERVICEPROVIDINGBEHAVIOR\BIN\DEBUG\DEMO_TAROS_EVENTTRIGGER.PDB
D:\Dropbox\Shu\Program\Github\PersonalizationForRobotServiceProvidingBehavior\DEMO_TAROS_EventTrigger\Debug\cl.command.1.tlog
D:\Dropbox\Shu\Program\Github\PersonalizationForRobotServiceProvidingBehavior\DEMO_TAROS_EventTrigger\Debug\CL.read.1.tlog
D:\Dropbox\Shu\Program\Github\PersonalizationForRobotServiceProvidingBehavior\DEMO_TAROS_EventTrigger\Debug\CL.write.1.tlog
D:\DROPBOX\SHU\PROGRAM\GITHUB\PERSONALIZATIONFORROBOTSERVICEPROVIDINGBEHAVIOR\DEMO_TAROS_EVENTTRIGGER\DEBUG\CLIENT.OBJ
D:\DROPBOX\SHU\PROGRAM\GITHUB\PERSONALIZATIONFORROBOTSERVICEPROVIDINGBEHAVIOR\DEMO_TAROS_EVENTTRIGGER\DEBUG\COORDTRANS.OBJ
D:\DROPBOX\SHU\PROGRAM\GITHUB\PERSONALIZATIONFORROBOTSERVICEPROVIDINGBEHAVIOR\DEMO_TAROS_EVENTTRIGGER\DEBUG\DEMO_TAROS_EVENTTRIGGER.EXE.INTERMEDIATE.MANIFEST
D:\Dropbox\Shu\Program\Github\PersonalizationForRobotServiceProvidingBehavior\DEMO_TAROS_EventTrigger\Debug\DEMO_TAROS_EventTrigger.write.1.tlog
D:\DROPBOX\SHU\PROGRAM\GITHUB\PERSONALIZATIONFORROBOTSERVICEPROVIDINGBEHAVIOR\DEMO_TAROS_EVENTTRIGGER\DEBUG\INTCOMM.OBJ
D:\Dropbox\Shu\Program\Github\PersonalizationForRobotServiceProvidingBehavior\DEMO_TAROS_EventTrigger\Debug\link.command.1.tlog
D:\Dropbox\Shu\Program\Github\PersonalizationForRobotServiceProvidingBehavior\DEMO_TAROS_EventTrigger\Debug\link.read.1.tlog
D:\Dropbox\Shu\Program\Github\PersonalizationForRobotServiceProvidingBehavior\DEMO_TAROS_EventTrigger\Debug\link.write.1.tlog
D:\DROPBOX\SHU\PROGRAM\GITHUB\PERSONALIZATIONFORROBOTSERVICEPROVIDINGBEHAVIOR\DEMO_TAROS_EVENTTRIGGER\DEBUG\MAIN.OBJ
D:\Dropbox\Shu\Program\Github\PersonalizationForRobotServiceProvidingBehavior\DEMO_TAROS_EventTrigger\Debug\mt.command.1.tlog
D:\Dropbox\Shu\Program\Github\PersonalizationForRobotServiceProvidingBehavior\DEMO_TAROS_EventTrigger\Debug\mt.read.1.tlog
D:\Dropbox\Shu\Program\Github\PersonalizationForRobotServiceProvidingBehavior\DEMO_TAROS_EventTrigger\Debug\mt.write.1.tlog
D:\DROPBOX\SHU\PROGRAM\GITHUB\PERSONALIZATIONFORROBOTSERVICEPROVIDINGBEHAVIOR\DEMO_TAROS_EVENTTRIGGER\DEBUG\ROBOTACTION.OBJ
D:\DROPBOX\SHU\PROGRAM\GITHUB\PERSONALIZATIONFORROBOTSERVICEPROVIDINGBEHAVIOR\DEMO_TAROS_EVENTTRIGGER\DEBUG\THREAD.OBJ
D:\Dropbox\Shu\Program\Github\PersonalizationForRobotServiceProvidingBehavior\DEMO_TAROS_EventTrigger\Debug\vc100.idb
D:\DROPBOX\SHU\PROGRAM\GITHUB\PERSONALIZATIONFORROBOTSERVICEPROVIDINGBEHAVIOR\DEMO_TAROS_EVENTTRIGGER\DEBUG\VC100.PDB
