F:\Dropbox\Shu\Program\ThesisProgram\\bin\Release\Keyboard_Event_Trigger.exe
F:\Dropbox\Shu\Program\ThesisProgram\\bin\Release\Keyboard_Event_Trigger.pdb
F:\DROPBOX\SHU\PROGRAM\THESISPROGRAM\BIN\RELEASE\KEYBOARD_EVENT_TRIGGER.EXE
F:\DROPBOX\SHU\PROGRAM\THESISPROGRAM\BIN\RELEASE\KEYBOARD_EVENT_TRIGGER.PDB
F:\Dropbox\Shu\Program\ThesisProgram\Keyboard_Event_Trigger\Release\cl.command.1.tlog
F:\Dropbox\Shu\Program\ThesisProgram\Keyboard_Event_Trigger\Release\CL.read.1.tlog
F:\Dropbox\Shu\Program\ThesisProgram\Keyboard_Event_Trigger\Release\CL.write.1.tlog
F:\DROPBOX\SHU\PROGRAM\THESISPROGRAM\KEYBOARD_EVENT_TRIGGER\RELEASE\CLIENT.OBJ
F:\DROPBOX\SHU\PROGRAM\THESISPROGRAM\KEYBOARD_EVENT_TRIGGER\RELEASE\INTCOMM.OBJ
F:\DROPBOX\SHU\PROGRAM\THESISPROGRAM\KEYBOARD_EVENT_TRIGGER\RELEASE\KEYBOARD_EVENT_TRIGGER.EXE.INTERMEDIATE.MANIFEST
F:\Dropbox\Shu\Program\ThesisProgram\Keyboard_Event_Trigger\Release\Keyboard_Event_Trigger.write.1.tlog
F:\Dropbox\Shu\Program\ThesisProgram\Keyboard_Event_Trigger\Release\link.command.1.tlog
F:\Dropbox\Shu\Program\ThesisProgram\Keyboard_Event_Trigger\Release\link.read.1.tlog
F:\Dropbox\Shu\Program\ThesisProgram\Keyboard_Event_Trigger\Release\link.write.1.tlog
F:\DROPBOX\SHU\PROGRAM\THESISPROGRAM\KEYBOARD_EVENT_TRIGGER\RELEASE\MAIN.OBJ
F:\Dropbox\Shu\Program\ThesisProgram\Keyboard_Event_Trigger\Release\mt.command.1.tlog
F:\Dropbox\Shu\Program\ThesisProgram\Keyboard_Event_Trigger\Release\mt.read.1.tlog
F:\Dropbox\Shu\Program\ThesisProgram\Keyboard_Event_Trigger\Release\mt.write.1.tlog
F:\DROPBOX\SHU\PROGRAM\THESISPROGRAM\KEYBOARD_EVENT_TRIGGER\RELEASE\ROBOTACTION.OBJ
F:\DROPBOX\SHU\PROGRAM\THESISPROGRAM\KEYBOARD_EVENT_TRIGGER\RELEASE\THREAD.OBJ
F:\DROPBOX\SHU\PROGRAM\THESISPROGRAM\KEYBOARD_EVENT_TRIGGER\RELEASE\VC100.PDB
