Build started 6/23/2014 10:29:52 AM.
     1>Project "D:\Dropbox\Shu\Program\ThesisProgram\FaceDirection\FaceDirection.vcxproj" on node 2 (build target(s)).
     1>InitializeBuildStatus:
         Creating "Debug\FaceDirection.unsuccessfulbuild" because "AlwaysCreate" was specified.
       ClCompile:
         D:\Program Files (x86)\Microsoft Visual Studio 10.0\VC\bin\CL.exe /c /ZI /nologo /W3 /WX- /Od /Oy- /D WIN32 /D _MBCS /Gm /EHsc /RTC1 /MDd /GS /fp:precise /Zc:wchar_t /Zc:forScope /Fo"Debug\\" /Fd"Debug\vc100.pdb" /Gd /TP /analyze- /errorReport:prompt ..\includes\IPCserver\IntComm.cpp IPCserver\Client.cpp main.cpp
         IntComm.cpp
     1>d:\dropbox\shu\program\thesisprogram\includes\ipcserver\messages.hpp(154): warning C4996: 'sprintf': This function or variable may be unsafe. Consider using sprintf_s instead. To disable deprecation, use _CRT_SECURE_NO_WARNINGS. See online help for details.
                 d:\program files (x86)\microsoft visual studio 10.0\vc\include\stdio.h(371) : see declaration of 'sprintf'
     1>d:\dropbox\shu\program\thesisprogram\includes\ipcserver\intcomm.cpp(354): warning C4996: 'sprintf': This function or variable may be unsafe. Consider using sprintf_s instead. To disable deprecation, use _CRT_SECURE_NO_WARNINGS. See online help for details.
                 d:\program files (x86)\microsoft visual studio 10.0\vc\include\stdio.h(371) : see declaration of 'sprintf'
         Generating Code...
         Compiling...
         main.cpp
     1>d:\program files (green)\opencv2.4.5\build\include\opencv2\flann\dist.h : warning C4819: The file contains a character that cannot be represented in the current code page (950). Save the file in Unicode format to prevent data loss
     1>d:\program files (green)\opencv2.4.5\build\include\opencv2\flann\dist.h : warning C4819: The file contains a character that cannot be represented in the current code page (950). Save the file in Unicode format to prevent data loss
     1>d:\program files (green)\opencv2.4.5\build\include\opencv2\flann\logger.h(66): warning C4996: 'fopen': This function or variable may be unsafe. Consider using fopen_s instead. To disable deprecation, use _CRT_SECURE_NO_WARNINGS. See online help for details.
                 d:\program files (x86)\microsoft visual studio 10.0\vc\include\stdio.h(234) : see declaration of 'fopen'
     1>d:\program files (green)\opencv2.4.5\build\include\opencv2\flann\dist.h : warning C4819: The file contains a character that cannot be represented in the current code page (950). Save the file in Unicode format to prevent data loss
     1>d:\program files (green)\opencv2.4.5\build\include\opencv2\flann\dist.h : warning C4819: The file contains a character that cannot be represented in the current code page (950). Save the file in Unicode format to prevent data loss
     1>d:\program files (green)\opencv2.4.5\build\include\opencv2\legacy\compat.hpp : warning C4819: The file contains a character that cannot be represented in the current code page (950). Save the file in Unicode format to prevent data loss
     1>d:\dropbox\shu\program\thesisprogram\includes\ipcserver\messages.hpp(154): warning C4996: 'sprintf': This function or variable may be unsafe. Consider using sprintf_s instead. To disable deprecation, use _CRT_SECURE_NO_WARNINGS. See online help for details.
                 d:\program files (x86)\microsoft visual studio 10.0\vc\include\stdio.h(371) : see declaration of 'sprintf'
     1>d:\dropbox\shu\program\thesisprogram\facedirection\main.cpp(269): warning C4244: 'argument' : conversion from 'double' to 'int', possible loss of data
     1>d:\dropbox\shu\program\thesisprogram\facedirection\main.cpp(269): warning C4244: 'argument' : conversion from 'double' to 'int', possible loss of data
     1>d:\dropbox\shu\program\thesisprogram\facedirection\main.cpp(300): warning C4244: 'argument' : conversion from 'float' to 'int', possible loss of data
     1>d:\dropbox\shu\program\thesisprogram\facedirection\main.cpp(300): warning C4244: 'argument' : conversion from 'float' to 'int', possible loss of data
     1>d:\dropbox\shu\program\thesisprogram\facedirection\main.cpp(347): warning C4996: 'sprintf': This function or variable may be unsafe. Consider using sprintf_s instead. To disable deprecation, use _CRT_SECURE_NO_WARNINGS. See online help for details.
                 d:\program files (x86)\microsoft visual studio 10.0\vc\include\stdio.h(371) : see declaration of 'sprintf'
     1>d:\dropbox\shu\program\thesisprogram\facedirection\main.cpp(422): warning C4996: 'strcpy': This function or variable may be unsafe. Consider using strcpy_s instead. To disable deprecation, use _CRT_SECURE_NO_WARNINGS. See online help for details.
                 d:\program files (x86)\microsoft visual studio 10.0\vc\include\string.h(105) : see declaration of 'strcpy'
     1>d:\dropbox\shu\program\thesisprogram\facedirection\main.cpp(423): warning C4996: 'strcpy': This function or variable may be unsafe. Consider using strcpy_s instead. To disable deprecation, use _CRT_SECURE_NO_WARNINGS. See online help for details.
                 d:\program files (x86)\microsoft visual studio 10.0\vc\include\string.h(105) : see declaration of 'strcpy'
     1>d:\dropbox\shu\program\thesisprogram\facedirection\main.cpp(427): warning C4996: 'strcpy': This function or variable may be unsafe. Consider using strcpy_s instead. To disable deprecation, use _CRT_SECURE_NO_WARNINGS. See online help for details.
                 d:\program files (x86)\microsoft visual studio 10.0\vc\include\string.h(105) : see declaration of 'strcpy'
     1>d:\dropbox\shu\program\thesisprogram\facedirection\main.cpp(430): warning C4996: 'strcpy': This function or variable may be unsafe. Consider using strcpy_s instead. To disable deprecation, use _CRT_SECURE_NO_WARNINGS. See online help for details.
                 d:\program files (x86)\microsoft visual studio 10.0\vc\include\string.h(105) : see declaration of 'strcpy'
     1>d:\dropbox\shu\program\thesisprogram\facedirection\main.cpp(431): warning C4996: 'strcpy': This function or variable may be unsafe. Consider using strcpy_s instead. To disable deprecation, use _CRT_SECURE_NO_WARNINGS. See online help for details.
                 d:\program files (x86)\microsoft visual studio 10.0\vc\include\string.h(105) : see declaration of 'strcpy'
     1>d:\dropbox\shu\program\thesisprogram\facedirection\main.cpp(435): warning C4996: 'strcpy': This function or variable may be unsafe. Consider using strcpy_s instead. To disable deprecation, use _CRT_SECURE_NO_WARNINGS. See online help for details.
                 d:\program files (x86)\microsoft visual studio 10.0\vc\include\string.h(105) : see declaration of 'strcpy'
     1>d:\dropbox\shu\program\thesisprogram\facedirection\main.cpp(438): warning C4996: 'strcpy': This function or variable may be unsafe. Consider using strcpy_s instead. To disable deprecation, use _CRT_SECURE_NO_WARNINGS. See online help for details.
                 d:\program files (x86)\microsoft visual studio 10.0\vc\include\string.h(105) : see declaration of 'strcpy'
     1>d:\dropbox\shu\program\thesisprogram\facedirection\main.cpp(439): warning C4996: 'strcpy': This function or variable may be unsafe. Consider using strcpy_s instead. To disable deprecation, use _CRT_SECURE_NO_WARNINGS. See online help for details.
                 d:\program files (x86)\microsoft visual studio 10.0\vc\include\string.h(105) : see declaration of 'strcpy'
     1>d:\dropbox\shu\program\thesisprogram\facedirection\main.cpp(443): warning C4996: 'strcpy': This function or variable may be unsafe. Consider using strcpy_s instead. To disable deprecation, use _CRT_SECURE_NO_WARNINGS. See online help for details.
                 d:\program files (x86)\microsoft visual studio 10.0\vc\include\string.h(105) : see declaration of 'strcpy'
     1>d:\dropbox\shu\program\thesisprogram\facedirection\main.cpp(458): warning C4244: 'argument' : conversion from 'double' to 'float', possible loss of data
     1>d:\dropbox\shu\program\thesisprogram\facedirection\main.cpp(458): warning C4244: 'argument' : conversion from 'double' to 'float', possible loss of data
     1>d:\dropbox\shu\program\thesisprogram\facedirection\main.cpp(463): warning C4244: 'argument' : conversion from 'double' to 'float', possible loss of data
     1>d:\dropbox\shu\program\thesisprogram\facedirection\main.cpp(463): warning C4244: 'argument' : conversion from 'double' to 'float', possible loss of data
     1>d:\dropbox\shu\program\thesisprogram\facedirection\main.cpp(468): warning C4244: 'argument' : conversion from 'double' to 'float', possible loss of data
     1>d:\dropbox\shu\program\thesisprogram\facedirection\main.cpp(468): warning C4244: 'argument' : conversion from 'double' to 'float', possible loss of data
     1>d:\dropbox\shu\program\thesisprogram\facedirection\main.cpp(473): warning C4244: 'argument' : conversion from 'double' to 'float', possible loss of data
     1>d:\dropbox\shu\program\thesisprogram\facedirection\main.cpp(473): warning C4244: 'argument' : conversion from 'double' to 'float', possible loss of data
     1>d:\dropbox\shu\program\thesisprogram\facedirection\main.cpp(478): warning C4244: 'argument' : conversion from 'double' to 'float', possible loss of data
     1>d:\dropbox\shu\program\thesisprogram\facedirection\main.cpp(478): warning C4244: 'argument' : conversion from 'double' to 'float', possible loss of data
     1>d:\dropbox\shu\program\thesisprogram\facedirection\main.cpp(483): warning C4244: 'argument' : conversion from 'double' to 'float', possible loss of data
     1>d:\dropbox\shu\program\thesisprogram\facedirection\main.cpp(483): warning C4244: 'argument' : conversion from 'double' to 'float', possible loss of data
     1>d:\dropbox\shu\program\thesisprogram\facedirection\main.cpp(488): warning C4244: 'argument' : conversion from 'double' to 'float', possible loss of data
     1>d:\dropbox\shu\program\thesisprogram\facedirection\main.cpp(488): warning C4244: 'argument' : conversion from 'double' to 'float', possible loss of data
     1>d:\dropbox\shu\program\thesisprogram\facedirection\main.cpp(451): warning C4101: 'i' : unreferenced local variable
         Client.cpp
     1>d:\dropbox\shu\program\thesisprogram\includes\ipcserver\messages.hpp(154): warning C4996: 'sprintf': This function or variable may be unsafe. Consider using sprintf_s instead. To disable deprecation, use _CRT_SECURE_NO_WARNINGS. See online help for details.
                 d:\program files (x86)\microsoft visual studio 10.0\vc\include\stdio.h(371) : see declaration of 'sprintf'
         Generating Code...
       Link:
         D:\Program Files (x86)\Microsoft Visual Studio 10.0\VC\bin\link.exe /ERRORREPORT:PROMPT /OUT:"D:\Dropbox\Shu\Program\ThesisProgram\\bin\Debug\FaceDirection.exe" /NOLOGO wsock32.lib ipcMDd_3.9.1.lib OpenNI2.lib opencv_core245d.lib opencv_highgui245d.lib opencv_video245d.lib opencv_ml245d.lib opencv_legacy245d.lib opencv_imgproc245d.lib opencv_objdetect245d.lib opencv_calib3d245d.lib kernel32.lib user32.lib gdi32.lib winspool.lib comdlg32.lib advapi32.lib shell32.lib ole32.lib oleaut32.lib uuid.lib odbc32.lib odbccp32.lib /MANIFEST /ManifestFile:"Debug\FaceDirection.exe.intermediate.manifest" /MANIFESTUAC:"level='asInvoker' uiAccess='false'" /DEBUG /PDB:"D:\Dropbox\Shu\Program\ThesisProgram\bin\Debug\FaceDirection.pdb" /TLBID:1 /DYNAMICBASE /NXCOMPAT /IMPLIB:"D:\Dropbox\Shu\Program\ThesisProgram\\bin\Debug\FaceDirection.lib" /MACHINE:X86 Debug\CLM.obj
         Debug\FCheck.obj
         Debug\FDet.obj
         Debug\HeadPose.obj
         Debug\IO.obj
         Debug\Patch.obj
         Debug\PAW.obj
         Debug\PDM.obj
         Debug\Tracker.obj
         Debug\IntComm.obj
         Debug\Thread.obj
         Debug\Client.obj
         Debug\main.obj
         LINK : D:\Dropbox\Shu\Program\ThesisProgram\\bin\Debug\FaceDirection.exe not found or not built by the last incremental link; performing full link
         FaceDirection.vcxproj -> D:\Dropbox\Shu\Program\ThesisProgram\\bin\Debug\FaceDirection.exe
       Manifest:
         C:\Program Files (x86)\Microsoft SDKs\Windows\v7.0A\bin\mt.exe /nologo /verbose /outputresource:"D:\Dropbox\Shu\Program\ThesisProgram\\bin\Debug\FaceDirection.exe;#1" /manifest Debug\FaceDirection.exe.intermediate.manifest
       FinalizeBuildStatus:
         Deleting file "Debug\FaceDirection.unsuccessfulbuild".
         Touching "Debug\FaceDirection.lastbuildstate".
     1>Done Building Project "D:\Dropbox\Shu\Program\ThesisProgram\FaceDirection\FaceDirection.vcxproj" (build target(s)).

Build succeeded.

Time Elapsed 00:00:07.82
