D:\Dropbox\Shu\Program\ThesisProgram\\bin\Debug\HAE_Inference.exe
D:\Dropbox\Shu\Program\ThesisProgram\\bin\Debug\HAE_Inference.ilk
D:\Dropbox\Shu\Program\ThesisProgram\\bin\Debug\HAE_Inference.pdb
D:\DROPBOX\SHU\PROGRAM\THESISPROGRAM\BIN\DEBUG\HAE_INFERENCE.EXE
D:\DROPBOX\SHU\PROGRAM\THESISPROGRAM\BIN\DEBUG\HAE_INFERENCE.ILK
D:\DROPBOX\SHU\PROGRAM\THESISPROGRAM\BIN\DEBUG\HAE_INFERENCE.PDB
D:\Dropbox\Shu\Program\ThesisProgram\HAE_Inference\Debug\cl.command.1.tlog
D:\Dropbox\Shu\Program\ThesisProgram\HAE_Inference\Debug\CL.read.1.tlog
D:\Dropbox\Shu\Program\ThesisProgram\HAE_Inference\Debug\CL.write.1.tlog
D:\DROPBOX\SHU\PROGRAM\THESISPROGRAM\HAE_INFERENCE\DEBUG\CLIENT.OBJ
D:\DROPBOX\SHU\PROGRAM\THESISPROGRAM\HAE_INFERENCE\DEBUG\HAE_INFERENCE.EXE.INTERMEDIATE.MANIFEST
D:\Dropbox\Shu\Program\ThesisProgram\HAE_Inference\Debug\HAE_Inference.vcxprojResolveAssemblyReference.cache
D:\Dropbox\Shu\Program\ThesisProgram\HAE_Inference\Debug\HAE_Inference.write.1.tlog
D:\DROPBOX\SHU\PROGRAM\THESISPROGRAM\HAE_INFERENCE\DEBUG\INTCOMM.OBJ
D:\Dropbox\Shu\Program\ThesisProgram\HAE_Inference\Debug\link.command.1.tlog
D:\Dropbox\Shu\Program\ThesisProgram\HAE_Inference\Debug\link.read.1.tlog
D:\Dropbox\Shu\Program\ThesisProgram\HAE_Inference\Debug\link.write.1.tlog
D:\DROPBOX\SHU\PROGRAM\THESISPROGRAM\HAE_INFERENCE\DEBUG\MAIN.OBJ
D:\Dropbox\Shu\Program\ThesisProgram\HAE_Inference\Debug\mt.command.1.tlog
D:\Dropbox\Shu\Program\ThesisProgram\HAE_Inference\Debug\mt.read.1.tlog
D:\Dropbox\Shu\Program\ThesisProgram\HAE_Inference\Debug\mt.write.1.tlog
D:\DROPBOX\SHU\PROGRAM\THESISPROGRAM\HAE_INFERENCE\DEBUG\SMILEINFERENCE.OBJ
D:\DROPBOX\SHU\PROGRAM\THESISPROGRAM\HAE_INFERENCE\DEBUG\THREAD.OBJ
D:\Dropbox\Shu\Program\ThesisProgram\HAE_Inference\Debug\vc100.idb
D:\DROPBOX\SHU\PROGRAM\THESISPROGRAM\HAE_INFERENCE\DEBUG\VC100.PDB
F:\DROPBOX\SHU\PROGRAM\THESISPROGRAM\BIN\DEBUG\HAE_INFERENCE.EXE
F:\DROPBOX\SHU\PROGRAM\THESISPROGRAM\BIN\DEBUG\HAE_INFERENCE.ILK
F:\DROPBOX\SHU\PROGRAM\THESISPROGRAM\BIN\DEBUG\HAE_INFERENCE.PDB
F:\DROPBOX\SHU\PROGRAM\THESISPROGRAM\HAE_INFERENCE\DEBUG\CLIENT.OBJ
F:\DROPBOX\SHU\PROGRAM\THESISPROGRAM\HAE_INFERENCE\DEBUG\HAE_INFERENCE.EXE.INTERMEDIATE.MANIFEST
F:\DROPBOX\SHU\PROGRAM\THESISPROGRAM\HAE_INFERENCE\DEBUG\INTCOMM.OBJ
F:\DROPBOX\SHU\PROGRAM\THESISPROGRAM\HAE_INFERENCE\DEBUG\MAIN.OBJ
F:\DROPBOX\SHU\PROGRAM\THESISPROGRAM\HAE_INFERENCE\DEBUG\SMILEINFERENCE.OBJ
F:\DROPBOX\SHU\PROGRAM\THESISPROGRAM\HAE_INFERENCE\DEBUG\THREAD.OBJ
F:\DROPBOX\SHU\PROGRAM\THESISPROGRAM\HAE_INFERENCE\DEBUG\VC100.PDB
